<?xml version="1.0" encoding="UTF-8"?>
<testsuite xmlns:xsi="http://www.w3.org/2001/XMLSchema-instance" xsi:noNamespaceSchemaLocation="https://maven.apache.org/surefire/maven-surefire-plugin/xsd/surefire-test-report.xsd" name="com.springboot.exam.SpringBootExamApplicationTests" time="25.409" tests="1" errors="1" skipped="0" failures="0">
  <properties>
[...]
</properties>
  <testcase name="contextLoads" classname="com.springboot.exam.SpringBootExamApplicationTests" time="0.003">
    <error message="Failed to load ApplicationContext" type="java.lang.IllegalStateException">java.lang.IllegalStateException: Failed to load ApplicationContext
Caused by: org.springframework.beans.factory.BeanCreationException: Error creating bean with name 'entityManagerFactory' defined in class path resource [org/springframework/boot/autoconfigure/orm/jpa/HibernateJpaConfiguration.class]: Invocation of init method failed; nested exception is javax.persistence.PersistenceException: [PersistenceUnit: default] Unable to build Hibernate SessionFactory; nested exception is org.hibernate.exception.JDBCConnectionException: Unable to open JDBC Connection for DDL execution
Caused by: javax.persistence.PersistenceException: [PersistenceUnit: default] Unable to build Hibernate SessionFactory; nested exception is org.hibernate.exception.JDBCConnectionException: Unable to open JDBC Connection for DDL execution
Caused by: org.hibernate.exception.JDBCConnectionException: Unable to open JDBC Connection for DDL execution
Caused by: com.mysql.jdbc.exceptions.jdbc4.MySQLNonTransientConnectionException: Could not create connection to database server.
Caused by: java.lang.RuntimeException: Unable to obtain credentials to communicate with the Cloud SQL API
Caused by: java.io.IOException: The Application Default Credentials are not available. They are available if running on Google App Engine, Google Compute Engine, or Google Cloud Shell. Otherwise, the environment variable GOOGLE_APPLICATION_CREDENTIALS must be defined pointing to a file defining the credentials. See https://developers.google.com/accounts/docs/application-default-credentials for more information.
</error>
    <system-out><![CDATA[16:33:11.014 [main] DEBUG org.springframework.test.context.junit4.SpringJUnit4ClassRunner - SpringJUnit4ClassRunner constructor called with [class com.springboot.exam.SpringBootExamApplicationTests]
16:33:11.030 [main] DEBUG org.springframework.test.context.BootstrapUtils - Instantiating CacheAwareContextLoaderDelegate from class [org.springframework.test.context.cache.DefaultCacheAwareContextLoaderDelegate]
16:33:11.056 [main] DEBUG org.springframework.test.context.BootstrapUtils - Instantiating BootstrapContext using constructor [public org.springframework.test.context.support.DefaultBootstrapContext(java.lang.Class,org.springframework.test.context.CacheAwareContextLoaderDelegate)]
16:33:11.101 [main] DEBUG org.springframework.test.context.BootstrapUtils - Instantiating TestContextBootstrapper for test class [com.springboot.exam.SpringBootExamApplicationTests] from class [org.springframework.boot.test.context.SpringBootTestContextBootstrapper]
16:33:11.143 [main] INFO org.springframework.boot.test.context.SpringBootTestContextBootstrapper - Neither @ContextConfiguration nor @ContextHierarchy found for test class [com.springboot.exam.SpringBootExamApplicationTests], using SpringBootContextLoader
16:33:11.158 [main] DEBUG org.springframework.test.context.support.AbstractContextLoader - Did not detect default resource location for test class [com.springboot.exam.SpringBootExamApplicationTests]: class path resource [com/springboot/exam/SpringBootExamApplicationTests-context.xml] does not exist
16:33:11.160 [main] DEBUG org.springframework.test.context.support.AbstractContextLoader - Did not detect default resource location for test class [com.springboot.exam.SpringBootExamApplicationTests]: class path resource [com/springboot/exam/SpringBootExamApplicationTestsContext.groovy] does not exist
16:33:11.162 [main] INFO org.springframework.test.context.support.AbstractContextLoader - Could not detect default resource locations for test class [com.springboot.exam.SpringBootExamApplicationTests]: no resource found for suffixes {-context.xml, Context.groovy}.
16:33:11.164 [main] INFO org.springframework.test.context.support.AnnotationConfigContextLoaderUtils - Could not detect default configuration classes for test class [com.springboot.exam.SpringBootExamApplicationTests]: SpringBootExamApplicationTests does not declare any static, non-private, non-final, nested classes annotated with @Configuration.
16:33:11.349 [main] DEBUG org.springframework.test.context.support.ActiveProfilesUtils - Could not find an 'annotation declaring class' for annotation type [org.springframework.test.context.ActiveProfiles] and class [com.springboot.exam.SpringBootExamApplicationTests]
16:33:11.383 [main] DEBUG org.springframework.core.env.StandardEnvironment - Adding PropertySource 'systemProperties' with lowest search precedence
16:33:11.383 [main] DEBUG org.springframework.core.env.StandardEnvironment - Adding PropertySource 'systemEnvironment' with lowest search precedence
16:33:11.385 [main] DEBUG org.springframework.core.env.StandardEnvironment - Initialized StandardEnvironment with PropertySources [MapPropertySource@1796371666 {name='systemProperties', properties={java.runtime.name=Java(TM) SE Runtime Environment, sun.boot.library.path=C:\util\jdk8\jre\bin, java.vm.version=25.192-b12, user.country.format=AR, java.vm.vendor=Oracle Corporation, java.vendor.url=http://java.oracle.com/, path.separator=;, java.vm.name=Java HotSpot(TM) 64-Bit Server VM, file.encoding.pkg=sun.io, user.country=US, user.script=, sun.java.launcher=SUN_STANDARD, sun.os.patch.level=, java.vm.specification.name=Java Virtual Machine Specification, user.dir=C:\Users\flucchesi\Desktop\InterviewSpringBootSwagger-master\spring-boot-exam, java.runtime.version=1.8.0_192-b12, basedir=C:\Users\flucchesi\Desktop\InterviewSpringBootSwagger-master\spring-boot-exam, java.awt.graphicsenv=sun.awt.Win32GraphicsEnvironment, java.endorsed.dirs=C:\util\jdk8\jre\lib\endorsed, os.arch=amd64, surefire.real.class.path=C:\Users\flucchesi\AppData\Local\Temp\surefire7020306525801243560\surefirebooter6598355820081742601.jar, java.io.tmpdir=C:\Users\flucchesi\AppData\Local\Temp\, line.separator=
, java.vm.specification.vendor=Oracle Corporation, user.variant=, os.name=Windows 10, sun.jnu.encoding=Cp1252, java.library.path=C:\util\jdk8\jre\bin;C:\windows\Sun\Java\bin;C:\windows\system32;C:\windows;C:\windows\system32;C:\windows;C:\windows\System32\Wbem;C:\windows\System32\WindowsPowerShell\v1.0\;C:\Program Files (x86)\Symantec\VIP Access Client\;C:\Program Files\SourceGear\Common\DiffMerge\;C:\Users\flucchesi\bin;C:\util\jdk8\bin;C:\util\db;C:\util\cmder\vendor\git-for-windows\usr\bin;C:\Users\flucchesi\AppData\Local\Microsoft\WindowsApps;C:\Users\flucchesi\AppData\Roaming\npm;C:\Users\flucchesi\AppData\Local\Google\Cloud SDK\google-cloud-sdk\bin;C:\apache-maven-3.6.0-bin\apache-maven-3.6.0\bin;;., surefire.test.class.path=C:\Users\flucchesi\Desktop\InterviewSpringBootSwagger-master\spring-boot-exam\target\test-classes;C:\Users\flucchesi\Desktop\InterviewSpringBootSwagger-master\spring-boot-exam\target\classes;C:\Users\flucchesi\.m2\repository\io\springfox\springfox-swagger2\2.6.1\springfox-swagger2-2.6.1.jar;C:\Users\flucchesi\.m2\repository\io\swagger\swagger-annotations\1.5.10\swagger-annotations-1.5.10.jar;C:\Users\flucchesi\.m2\repository\io\swagger\swagger-models\1.5.10\swagger-models-1.5.10.jar;C:\Users\flucchesi\.m2\repository\com\fasterxml\jackson\core\jackson-annotations\2.9.0\jackson-annotations-2.9.0.jar;C:\Users\flucchesi\.m2\repository\io\springfox\springfox-spi\2.6.1\springfox-spi-2.6.1.jar;C:\Users\flucchesi\.m2\repository\io\springfox\springfox-core\2.6.1\springfox-core-2.6.1.jar;C:\Users\flucchesi\.m2\repository\io\springfox\springfox-schema\2.6.1\springfox-schema-2.6.1.jar;C:\Users\flucchesi\.m2\repository\io\springfox\springfox-swagger-common\2.6.1\springfox-swagger-common-2.6.1.jar;C:\Users\flucchesi\.m2\repository\io\springfox\springfox-spring-web\2.6.1\springfox-spring-web-2.6.1.jar;C:\Users\flucchesi\.m2\repository\com\google\guava\guava\18.0\guava-18.0.jar;C:\Users\flucchesi\.m2\repository\com\fasterxml\classmate\1.3.4\classmate-1.3.4.jar;C:\Users\flucchesi\.m2\repository\org\slf4j\slf4j-api\1.7.25\slf4j-api-1.7.25.jar;C:\Users\flucchesi\.m2\repository\org\springframework\plugin\spring-plugin-core\1.2.0.RELEASE\spring-plugin-core-1.2.0.RELEASE.jar;C:\Users\flucchesi\.m2\repository\org\springframework\spring-beans\5.0.7.RELEASE\spring-beans-5.0.7.RELEASE.jar;C:\Users\flucchesi\.m2\repository\org\springframework\spring-context\5.0.7.RELEASE\spring-context-5.0.7.RELEASE.jar;C:\Users\flucchesi\.m2\repository\org\springframework\spring-aop\5.0.7.RELEASE\spring-aop-5.0.7.RELEASE.jar;C:\Users\flucchesi\.m2\repository\org\springframework\plugin\spring-plugin-metadata\1.2.0.RELEASE\spring-plugin-metadata-1.2.0.RELEASE.jar;C:\Users\flucchesi\.m2\repository\org\mapstruct\mapstruct\1.0.0.Final\mapstruct-1.0.0.Final.jar;C:\Users\flucchesi\.m2\repository\io\springfox\springfox-swagger-ui\2.6.1\springfox-swagger-ui-2.6.1.jar;C:\Users\flucchesi\.m2\repository\org\springframework\boot\spring-boot-starter-data-jpa\2.0.3.RELEASE\spring-boot-starter-data-jpa-2.0.3.RELEASE.jar;C:\Users\flucchesi\.m2\repository\org\springframework\boot\spring-boot-starter\2.0.3.RELEASE\spring-boot-starter-2.0.3.RELEASE.jar;C:\Users\flucchesi\.m2\repository\org\springframework\boot\spring-boot\2.0.3.RELEASE\spring-boot-2.0.3.RELEASE.jar;C:\Users\flucchesi\.m2\repository\org\springframework\boot\spring-boot-autoconfigure\2.0.3.RELEASE\spring-boot-autoconfigure-2.0.3.RELEASE.jar;C:\Users\flucchesi\.m2\repository\org\springframework\boot\spring-boot-starter-logging\2.0.3.RELEASE\spring-boot-starter-logging-2.0.3.RELEASE.jar;C:\Users\flucchesi\.m2\repository\ch\qos\logback\logback-classic\1.2.3\logback-classic-1.2.3.jar;C:\Users\flucchesi\.m2\repository\ch\qos\logback\logback-core\1.2.3\logback-core-1.2.3.jar;C:\Users\flucchesi\.m2\repository\org\apache\logging\log4j\log4j-to-slf4j\2.10.0\log4j-to-slf4j-2.10.0.jar;C:\Users\flucchesi\.m2\repository\org\apache\logging\log4j\log4j-api\2.10.0\log4j-api-2.10.0.jar;C:\Users\flucchesi\.m2\repository\javax\annotation\javax.annotation-api\1.3.2\javax.annotation-api-1.3.2.jar;C:\Users\flucchesi\.m2\repository\org\yaml\snakeyaml\1.19\snakeyaml-1.19.jar;C:\Users\flucchesi\.m2\repository\org\springframework\boot\spring-boot-starter-aop\2.0.3.RELEASE\spring-boot-starter-aop-2.0.3.RELEASE.jar;C:\Users\flucchesi\.m2\repository\org\aspectj\aspectjweaver\1.8.13\aspectjweaver-1.8.13.jar;C:\Users\flucchesi\.m2\repository\org\springframework\boot\spring-boot-starter-jdbc\2.0.3.RELEASE\spring-boot-starter-jdbc-2.0.3.RELEASE.jar;C:\Users\flucchesi\.m2\repository\com\zaxxer\HikariCP\2.7.9\HikariCP-2.7.9.jar;C:\Users\flucchesi\.m2\repository\org\springframework\spring-jdbc\5.0.7.RELEASE\spring-jdbc-5.0.7.RELEASE.jar;C:\Users\flucchesi\.m2\repository\org\hibernate\hibernate-core\5.2.17.Final\hibernate-core-5.2.17.Final.jar;C:\Users\flucchesi\.m2\repository\org\jboss\logging\jboss-logging\3.3.2.Final\jboss-logging-3.3.2.Final.jar;C:\Users\flucchesi\.m2\repository\org\hibernate\javax\persistence\hibernate-jpa-2.1-api\1.0.2.Final\hibernate-jpa-2.1-api-1.0.2.Final.jar;C:\Users\flucchesi\.m2\repository\org\javassist\javassist\3.22.0-GA\javassist-3.22.0-GA.jar;C:\Users\flucchesi\.m2\repository\antlr\antlr\2.7.7\antlr-2.7.7.jar;C:\Users\flucchesi\.m2\repository\org\jboss\jandex\2.0.3.Final\jandex-2.0.3.Final.jar;C:\Users\flucchesi\.m2\repository\dom4j\dom4j\1.6.1\dom4j-1.6.1.jar;C:\Users\flucchesi\.m2\repository\org\hibernate\common\hibernate-commons-annotations\5.0.1.Final\hibernate-commons-annotations-5.0.1.Final.jar;C:\Users\flucchesi\.m2\repository\javax\transaction\javax.transaction-api\1.2\javax.transaction-api-1.2.jar;C:\Users\flucchesi\.m2\repository\org\springframework\data\spring-data-jpa\2.0.8.RELEASE\spring-data-jpa-2.0.8.RELEASE.jar;C:\Users\flucchesi\.m2\repository\org\springframework\data\spring-data-commons\2.0.8.RELEASE\spring-data-commons-2.0.8.RELEASE.jar;C:\Users\flucchesi\.m2\repository\org\springframework\spring-orm\5.0.7.RELEASE\spring-orm-5.0.7.RELEASE.jar;C:\Users\flucchesi\.m2\repository\org\springframework\spring-tx\5.0.7.RELEASE\spring-tx-5.0.7.RELEASE.jar;C:\Users\flucchesi\.m2\repository\org\springframework\spring-aspects\5.0.7.RELEASE\spring-aspects-5.0.7.RELEASE.jar;C:\Users\flucchesi\.m2\repository\org\springframework\boot\spring-boot-starter-web\2.0.3.RELEASE\spring-boot-starter-web-2.0.3.RELEASE.jar;C:\Users\flucchesi\.m2\repository\org\springframework\boot\spring-boot-starter-json\2.0.3.RELEASE\spring-boot-starter-json-2.0.3.RELEASE.jar;C:\Users\flucchesi\.m2\repository\com\fasterxml\jackson\core\jackson-databind\2.9.6\jackson-databind-2.9.6.jar;C:\Users\flucchesi\.m2\repository\com\fasterxml\jackson\core\jackson-core\2.9.6\jackson-core-2.9.6.jar;C:\Users\flucchesi\.m2\repository\com\fasterxml\jackson\datatype\jackson-datatype-jdk8\2.9.6\jackson-datatype-jdk8-2.9.6.jar;C:\Users\flucchesi\.m2\repository\com\fasterxml\jackson\datatype\jackson-datatype-jsr310\2.9.6\jackson-datatype-jsr310-2.9.6.jar;C:\Users\flucchesi\.m2\repository\com\fasterxml\jackson\module\jackson-module-parameter-names\2.9.6\jackson-module-parameter-names-2.9.6.jar;C:\Users\flucchesi\.m2\repository\org\hibernate\validator\hibernate-validator\6.0.10.Final\hibernate-validator-6.0.10.Final.jar;C:\Users\flucchesi\.m2\repository\javax\validation\validation-api\2.0.1.Final\validation-api-2.0.1.Final.jar;C:\Users\flucchesi\.m2\repository\org\springframework\spring-web\5.0.7.RELEASE\spring-web-5.0.7.RELEASE.jar;C:\Users\flucchesi\.m2\repository\org\springframework\spring-webmvc\5.0.7.RELEASE\spring-webmvc-5.0.7.RELEASE.jar;C:\Users\flucchesi\.m2\repository\org\springframework\spring-expression\5.0.7.RELEASE\spring-expression-5.0.7.RELEASE.jar;C:\Users\flucchesi\.m2\repository\org\springframework\boot\spring-boot-starter-test\2.0.3.RELEASE\spring-boot-starter-test-2.0.3.RELEASE.jar;C:\Users\flucchesi\.m2\repository\org\springframework\boot\spring-boot-test\2.0.3.RELEASE\spring-boot-test-2.0.3.RELEASE.jar;C:\Users\flucchesi\.m2\repository\org\springframework\boot\spring-boot-test-autoconfigure\2.0.3.RELEASE\spring-boot-test-autoconfigure-2.0.3.RELEASE.jar;C:\Users\flucchesi\.m2\repository\com\jayway\jsonpath\json-path\2.4.0\json-path-2.4.0.jar;C:\Users\flucchesi\.m2\repository\net\minidev\json-smart\2.3\json-smart-2.3.jar;C:\Users\flucchesi\.m2\repository\net\minidev\accessors-smart\1.2\accessors-smart-1.2.jar;C:\Users\flucchesi\.m2\repository\org\ow2\asm\asm\5.0.4\asm-5.0.4.jar;C:\Users\flucchesi\.m2\repository\junit\junit\4.12\junit-4.12.jar;C:\Users\flucchesi\.m2\repository\org\assertj\assertj-core\3.9.1\assertj-core-3.9.1.jar;C:\Users\flucchesi\.m2\repository\org\mockito\mockito-core\2.15.0\mockito-core-2.15.0.jar;C:\Users\flucchesi\.m2\repository\net\bytebuddy\byte-buddy\1.7.11\byte-buddy-1.7.11.jar;C:\Users\flucchesi\.m2\repository\net\bytebuddy\byte-buddy-agent\1.7.11\byte-buddy-agent-1.7.11.jar;C:\Users\flucchesi\.m2\repository\org\objenesis\objenesis\2.6\objenesis-2.6.jar;C:\Users\flucchesi\.m2\repository\org\hamcrest\hamcrest-core\1.3\hamcrest-core-1.3.jar;C:\Users\flucchesi\.m2\repository\org\hamcrest\hamcrest-library\1.3\hamcrest-library-1.3.jar;C:\Users\flucchesi\.m2\repository\org\skyscreamer\jsonassert\1.5.0\jsonassert-1.5.0.jar;C:\Users\flucchesi\.m2\repository\com\vaadin\external\google\android-json\0.0.20131108.vaadin1\android-json-0.0.20131108.vaadin1.jar;C:\Users\flucchesi\.m2\repository\org\springframework\spring-core\5.0.7.RELEASE\spring-core-5.0.7.RELEASE.jar;C:\Users\flucchesi\.m2\repository\org\springframework\spring-jcl\5.0.7.RELEASE\spring-jcl-5.0.7.RELEASE.jar;C:\Users\flucchesi\.m2\repository\org\springframework\spring-test\5.0.7.RELEASE\spring-test-5.0.7.RELEASE.jar;C:\Users\flucchesi\.m2\repository\org\xmlunit\xmlunit-core\2.5.1\xmlunit-core-2.5.1.jar;C:\Users\flucchesi\.m2\repository\javax\servlet\javax.servlet-api\3.1.0\javax.servlet-api-3.1.0.jar;C:\Users\flucchesi\.m2\repository\org\slf4j\jul-to-slf4j\1.7.25\jul-to-slf4j-1.7.25.jar;C:\Users\flucchesi\.m2\repository\org\springframework\cloud\spring-cloud-gcp-starter\1.1.0.M1\spring-cloud-gcp-starter-1.1.0.M1.jar;C:\Users\flucchesi\.m2\repository\org\springframework\cloud\spring-cloud-gcp-core\1.1.0.M1\spring-cloud-gcp-core-1.1.0.M1.jar;C:\Users\flucchesi\.m2\repository\com\google\cloud\google-cloud-core\1.35.0\google-cloud-core-1.35.0.jar;C:\Users\flucchesi\.m2\repository\joda-time\joda-time\2.9.9\joda-time-2.9.9.jar;C:\Users\flucchesi\.m2\repository\com\google\http-client\google-http-client\1.23.0\google-http-client-1.23.0.jar;C:\Users\flucchesi\.m2\repository\org\apache\httpcomponents\httpclient\4.5.5\httpclient-4.5.5.jar;C:\Users\flucchesi\.m2\repository\org\apache\httpcomponents\httpcore\4.4.9\httpcore-4.4.9.jar;C:\Users\flucchesi\.m2\repository\commons-codec\commons-codec\1.11\commons-codec-1.11.jar;C:\Users\flucchesi\.m2\repository\com\google\code\findbugs\jsr305\3.0.2\jsr305-3.0.2.jar;C:\Users\flucchesi\.m2\repository\com\google\api\api-common\1.6.0\api-common-1.6.0.jar;C:\Users\flucchesi\.m2\repository\com\google\api\gax\1.28.0\gax-1.28.0.jar;C:\Users\flucchesi\.m2\repository\org\threeten\threetenbp\1.3.3\threetenbp-1.3.3.jar;C:\Users\flucchesi\.m2\repository\com\google\auth\google-auth-library-oauth2-http\0.9.1\google-auth-library-oauth2-http-0.9.1.jar;C:\Users\flucchesi\.m2\repository\com\google\auth\google-auth-library-credentials\0.9.1\google-auth-library-credentials-0.9.1.jar;C:\Users\flucchesi\.m2\repository\com\google\http-client\google-http-client-jackson2\1.19.0\google-http-client-jackson2-1.19.0.jar;C:\Users\flucchesi\.m2\repository\com\google\protobuf\protobuf-java-util\3.5.1\protobuf-java-util-3.5.1.jar;C:\Users\flucchesi\.m2\repository\com\google\protobuf\protobuf-java\3.5.1\protobuf-java-3.5.1.jar;C:\Users\flucchesi\.m2\repository\com\google\code\gson\gson\2.8.5\gson-2.8.5.jar;C:\Users\flucchesi\.m2\repository\com\google\api\grpc\proto-google-common-protos\1.11.0\proto-google-common-protos-1.11.0.jar;C:\Users\flucchesi\.m2\repository\com\google\api\grpc\proto-google-iam-v1\0.12.0\proto-google-iam-v1-0.12.0.jar;C:\Users\flucchesi\.m2\repository\org\springframework\cloud\spring-cloud-gcp-autoconfigure\1.1.0.M1\spring-cloud-gcp-autoconfigure-1.1.0.M1.jar;C:\Users\flucchesi\.m2\repository\org\springframework\cloud\spring-cloud-gcp-starter-sql-mysql\1.1.0.M1\spring-cloud-gcp-starter-sql-mysql-1.1.0.M1.jar;C:\Users\flucchesi\.m2\repository\com\google\cloud\sql\mysql-socket-factory\1.0.9\mysql-socket-factory-1.0.9.jar;C:\Users\flucchesi\.m2\repository\com\google\cloud\sql\jdbc-socket-factory-core\1.0.9\jdbc-socket-factory-core-1.0.9.jar;C:\Users\flucchesi\.m2\repository\com\google\apis\google-api-services-sqladmin\v1beta4-rev56-1.23.0\google-api-services-sqladmin-v1beta4-rev56-1.23.0.jar;C:\Users\flucchesi\.m2\repository\com\google\api-client\google-api-client\1.23.0\google-api-client-1.23.0.jar;C:\Users\flucchesi\.m2\repository\com\google\oauth-client\google-oauth-client\1.23.0\google-oauth-client-1.23.0.jar;C:\Users\flucchesi\.m2\repository\com\github\jnr\jnr-unixsocket\0.18\jnr-unixsocket-0.18.jar;C:\Users\flucchesi\.m2\repository\com\github\jnr\jnr-ffi\2.1.4\jnr-ffi-2.1.4.jar;C:\Users\flucchesi\.m2\repository\com\github\jnr\jffi\1.2.15\jffi-1.2.15.jar;C:\Users\flucchesi\.m2\repository\com\github\jnr\jffi\1.2.15\jffi-1.2.15-native.jar;C:\Users\flucchesi\.m2\repository\org\ow2\asm\asm-commons\5.0.3\asm-commons-5.0.3.jar;C:\Users\flucchesi\.m2\repository\org\ow2\asm\asm-analysis\5.0.3\asm-analysis-5.0.3.jar;C:\Users\flucchesi\.m2\repository\org\ow2\asm\asm-tree\5.0.3\asm-tree-5.0.3.jar;C:\Users\flucchesi\.m2\repository\org\ow2\asm\asm-util\5.0.3\asm-util-5.0.3.jar;C:\Users\flucchesi\.m2\repository\com\github\jnr\jnr-x86asm\1.0.2\jnr-x86asm-1.0.2.jar;C:\Users\flucchesi\.m2\repository\com\github\jnr\jnr-constants\0.9.8\jnr-constants-0.9.8.jar;C:\Users\flucchesi\.m2\repository\com\github\jnr\jnr-enxio\0.16\jnr-enxio-0.16.jar;C:\Users\flucchesi\.m2\repository\com\github\jnr\jnr-posix\3.0.35\jnr-posix-3.0.35.jar;C:\Users\flucchesi\.m2\repository\mysql\mysql-connector-java\5.1.46\mysql-connector-java-5.1.46.jar;, java.specification.name=Java Platform API Specification, java.class.version=52.0, sun.management.compiler=HotSpot 64-Bit Tiered Compilers, os.version=10.0, user.home=C:\Users\flucchesi, user.timezone=America/Chicago, java.awt.printerjob=sun.awt.windows.WPrinterJob, file.encoding=Cp1252, java.specification.version=1.8, java.class.path=C:\Users\flucchesi\Desktop\InterviewSpringBootSwagger-master\spring-boot-exam\target\test-classes;C:\Users\flucchesi\Desktop\InterviewSpringBootSwagger-master\spring-boot-exam\target\classes;C:\Users\flucchesi\.m2\repository\io\springfox\springfox-swagger2\2.6.1\springfox-swagger2-2.6.1.jar;C:\Users\flucchesi\.m2\repository\io\swagger\swagger-annotations\1.5.10\swagger-annotations-1.5.10.jar;C:\Users\flucchesi\.m2\repository\io\swagger\swagger-models\1.5.10\swagger-models-1.5.10.jar;C:\Users\flucchesi\.m2\repository\com\fasterxml\jackson\core\jackson-annotations\2.9.0\jackson-annotations-2.9.0.jar;C:\Users\flucchesi\.m2\repository\io\springfox\springfox-spi\2.6.1\springfox-spi-2.6.1.jar;C:\Users\flucchesi\.m2\repository\io\springfox\springfox-core\2.6.1\springfox-core-2.6.1.jar;C:\Users\flucchesi\.m2\repository\io\springfox\springfox-schema\2.6.1\springfox-schema-2.6.1.jar;C:\Users\flucchesi\.m2\repository\io\springfox\springfox-swagger-common\2.6.1\springfox-swagger-common-2.6.1.jar;C:\Users\flucchesi\.m2\repository\io\springfox\springfox-spring-web\2.6.1\springfox-spring-web-2.6.1.jar;C:\Users\flucchesi\.m2\repository\com\google\guava\guava\18.0\guava-18.0.jar;C:\Users\flucchesi\.m2\repository\com\fasterxml\classmate\1.3.4\classmate-1.3.4.jar;C:\Users\flucchesi\.m2\repository\org\slf4j\slf4j-api\1.7.25\slf4j-api-1.7.25.jar;C:\Users\flucchesi\.m2\repository\org\springframework\plugin\spring-plugin-core\1.2.0.RELEASE\spring-plugin-core-1.2.0.RELEASE.jar;C:\Users\flucchesi\.m2\repository\org\springframework\spring-beans\5.0.7.RELEASE\spring-beans-5.0.7.RELEASE.jar;C:\Users\flucchesi\.m2\repository\org\springframework\spring-context\5.0.7.RELEASE\spring-context-5.0.7.RELEASE.jar;C:\Users\flucchesi\.m2\repository\org\springframework\spring-aop\5.0.7.RELEASE\spring-aop-5.0.7.RELEASE.jar;C:\Users\flucchesi\.m2\repository\org\springframework\plugin\spring-plugin-metadata\1.2.0.RELEASE\spring-plugin-metadata-1.2.0.RELEASE.jar;C:\Users\flucchesi\.m2\repository\org\mapstruct\mapstruct\1.0.0.Final\mapstruct-1.0.0.Final.jar;C:\Users\flucchesi\.m2\repository\io\springfox\springfox-swagger-ui\2.6.1\springfox-swagger-ui-2.6.1.jar;C:\Users\flucchesi\.m2\repository\org\springframework\boot\spring-boot-starter-data-jpa\2.0.3.RELEASE\spring-boot-starter-data-jpa-2.0.3.RELEASE.jar;C:\Users\flucchesi\.m2\repository\org\springframework\boot\spring-boot-starter\2.0.3.RELEASE\spring-boot-starter-2.0.3.RELEASE.jar;C:\Users\flucchesi\.m2\repository\org\springframework\boot\spring-boot\2.0.3.RELEASE\spring-boot-2.0.3.RELEASE.jar;C:\Users\flucchesi\.m2\repository\org\springframework\boot\spring-boot-autoconfigure\2.0.3.RELEASE\spring-boot-autoconfigure-2.0.3.RELEASE.jar;C:\Users\flucchesi\.m2\repository\org\springframework\boot\spring-boot-starter-logging\2.0.3.RELEASE\spring-boot-starter-logging-2.0.3.RELEASE.jar;C:\Users\flucchesi\.m2\repository\ch\qos\logback\logback-classic\1.2.3\logback-classic-1.2.3.jar;C:\Users\flucchesi\.m2\repository\ch\qos\logback\logback-core\1.2.3\logback-core-1.2.3.jar;C:\Users\flucchesi\.m2\repository\org\apache\logging\log4j\log4j-to-slf4j\2.10.0\log4j-to-slf4j-2.10.0.jar;C:\Users\flucchesi\.m2\repository\org\apache\logging\log4j\log4j-api\2.10.0\log4j-api-2.10.0.jar;C:\Users\flucchesi\.m2\repository\javax\annotation\javax.annotation-api\1.3.2\javax.annotation-api-1.3.2.jar;C:\Users\flucchesi\.m2\repository\org\yaml\snakeyaml\1.19\snakeyaml-1.19.jar;C:\Users\flucchesi\.m2\repository\org\springframework\boot\spring-boot-starter-aop\2.0.3.RELEASE\spring-boot-starter-aop-2.0.3.RELEASE.jar;C:\Users\flucchesi\.m2\repository\org\aspectj\aspectjweaver\1.8.13\aspectjweaver-1.8.13.jar;C:\Users\flucchesi\.m2\repository\org\springframework\boot\spring-boot-starter-jdbc\2.0.3.RELEASE\spring-boot-starter-jdbc-2.0.3.RELEASE.jar;C:\Users\flucchesi\.m2\repository\com\zaxxer\HikariCP\2.7.9\HikariCP-2.7.9.jar;C:\Users\flucchesi\.m2\repository\org\springframework\spring-jdbc\5.0.7.RELEASE\spring-jdbc-5.0.7.RELEASE.jar;C:\Users\flucchesi\.m2\repository\org\hibernate\hibernate-core\5.2.17.Final\hibernate-core-5.2.17.Final.jar;C:\Users\flucchesi\.m2\repository\org\jboss\logging\jboss-logging\3.3.2.Final\jboss-logging-3.3.2.Final.jar;C:\Users\flucchesi\.m2\repository\org\hibernate\javax\persistence\hibernate-jpa-2.1-api\1.0.2.Final\hibernate-jpa-2.1-api-1.0.2.Final.jar;C:\Users\flucchesi\.m2\repository\org\javassist\javassist\3.22.0-GA\javassist-3.22.0-GA.jar;C:\Users\flucchesi\.m2\repository\antlr\antlr\2.7.7\antlr-2.7.7.jar;C:\Users\flucchesi\.m2\repository\org\jboss\jandex\2.0.3.Final\jandex-2.0.3.Final.jar;C:\Users\flucchesi\.m2\repository\dom4j\dom4j\1.6.1\dom4j-1.6.1.jar;C:\Users\flucchesi\.m2\repository\org\hibernate\common\hibernate-commons-annotations\5.0.1.Final\hibernate-commons-annotations-5.0.1.Final.jar;C:\Users\flucchesi\.m2\repository\javax\transaction\javax.transaction-api\1.2\javax.transaction-api-1.2.jar;C:\Users\flucchesi\.m2\repository\org\springframework\data\spring-data-jpa\2.0.8.RELEASE\spring-data-jpa-2.0.8.RELEASE.jar;C:\Users\flucchesi\.m2\repository\org\springframework\data\spring-data-commons\2.0.8.RELEASE\spring-data-commons-2.0.8.RELEASE.jar;C:\Users\flucchesi\.m2\repository\org\springframework\spring-orm\5.0.7.RELEASE\spring-orm-5.0.7.RELEASE.jar;C:\Users\flucchesi\.m2\repository\org\springframework\spring-tx\5.0.7.RELEASE\spring-tx-5.0.7.RELEASE.jar;C:\Users\flucchesi\.m2\repository\org\springframework\spring-aspects\5.0.7.RELEASE\spring-aspects-5.0.7.RELEASE.jar;C:\Users\flucchesi\.m2\repository\org\springframework\boot\spring-boot-starter-web\2.0.3.RELEASE\spring-boot-starter-web-2.0.3.RELEASE.jar;C:\Users\flucchesi\.m2\repository\org\springframework\boot\spring-boot-starter-json\2.0.3.RELEASE\spring-boot-starter-json-2.0.3.RELEASE.jar;C:\Users\flucchesi\.m2\repository\com\fasterxml\jackson\core\jackson-databind\2.9.6\jackson-databind-2.9.6.jar;C:\Users\flucchesi\.m2\repository\com\fasterxml\jackson\core\jackson-core\2.9.6\jackson-core-2.9.6.jar;C:\Users\flucchesi\.m2\repository\com\fasterxml\jackson\datatype\jackson-datatype-jdk8\2.9.6\jackson-datatype-jdk8-2.9.6.jar;C:\Users\flucchesi\.m2\repository\com\fasterxml\jackson\datatype\jackson-datatype-jsr310\2.9.6\jackson-datatype-jsr310-2.9.6.jar;C:\Users\flucchesi\.m2\repository\com\fasterxml\jackson\module\jackson-module-parameter-names\2.9.6\jackson-module-parameter-names-2.9.6.jar;C:\Users\flucchesi\.m2\repository\org\hibernate\validator\hibernate-validator\6.0.10.Final\hibernate-validator-6.0.10.Final.jar;C:\Users\flucchesi\.m2\repository\javax\validation\validation-api\2.0.1.Final\validation-api-2.0.1.Final.jar;C:\Users\flucchesi\.m2\repository\org\springframework\spring-web\5.0.7.RELEASE\spring-web-5.0.7.RELEASE.jar;C:\Users\flucchesi\.m2\repository\org\springframework\spring-webmvc\5.0.7.RELEASE\spring-webmvc-5.0.7.RELEASE.jar;C:\Users\flucchesi\.m2\repository\org\springframework\spring-expression\5.0.7.RELEASE\spring-expression-5.0.7.RELEASE.jar;C:\Users\flucchesi\.m2\repository\org\springframework\boot\spring-boot-starter-test\2.0.3.RELEASE\spring-boot-starter-test-2.0.3.RELEASE.jar;C:\Users\flucchesi\.m2\repository\org\springframework\boot\spring-boot-test\2.0.3.RELEASE\spring-boot-test-2.0.3.RELEASE.jar;C:\Users\flucchesi\.m2\repository\org\springframework\boot\spring-boot-test-autoconfigure\2.0.3.RELEASE\spring-boot-test-autoconfigure-2.0.3.RELEASE.jar;C:\Users\flucchesi\.m2\repository\com\jayway\jsonpath\json-path\2.4.0\json-path-2.4.0.jar;C:\Users\flucchesi\.m2\repository\net\minidev\json-smart\2.3\json-smart-2.3.jar;C:\Users\flucchesi\.m2\repository\net\minidev\accessors-smart\1.2\accessors-smart-1.2.jar;C:\Users\flucchesi\.m2\repository\org\ow2\asm\asm\5.0.4\asm-5.0.4.jar;C:\Users\flucchesi\.m2\repository\junit\junit\4.12\junit-4.12.jar;C:\Users\flucchesi\.m2\repository\org\assertj\assertj-core\3.9.1\assertj-core-3.9.1.jar;C:\Users\flucchesi\.m2\repository\org\mockito\mockito-core\2.15.0\mockito-core-2.15.0.jar;C:\Users\flucchesi\.m2\repository\net\bytebuddy\byte-buddy\1.7.11\byte-buddy-1.7.11.jar;C:\Users\flucchesi\.m2\repository\net\bytebuddy\byte-buddy-agent\1.7.11\byte-buddy-agent-1.7.11.jar;C:\Users\flucchesi\.m2\repository\org\objenesis\objenesis\2.6\objenesis-2.6.jar;C:\Users\flucchesi\.m2\repository\org\hamcrest\hamcrest-core\1.3\hamcrest-core-1.3.jar;C:\Users\flucchesi\.m2\repository\org\hamcrest\hamcrest-library\1.3\hamcrest-library-1.3.jar;C:\Users\flucchesi\.m2\repository\org\skyscreamer\jsonassert\1.5.0\jsonassert-1.5.0.jar;C:\Users\flucchesi\.m2\repository\com\vaadin\external\google\android-json\0.0.20131108.vaadin1\android-json-0.0.20131108.vaadin1.jar;C:\Users\flucchesi\.m2\repository\org\springframework\spring-core\5.0.7.RELEASE\spring-core-5.0.7.RELEASE.jar;C:\Users\flucchesi\.m2\repository\org\springframework\spring-jcl\5.0.7.RELEASE\spring-jcl-5.0.7.RELEASE.jar;C:\Users\flucchesi\.m2\repository\org\springframework\spring-test\5.0.7.RELEASE\spring-test-5.0.7.RELEASE.jar;C:\Users\flucchesi\.m2\repository\org\xmlunit\xmlunit-core\2.5.1\xmlunit-core-2.5.1.jar;C:\Users\flucchesi\.m2\repository\javax\servlet\javax.servlet-api\3.1.0\javax.servlet-api-3.1.0.jar;C:\Users\flucchesi\.m2\repository\org\slf4j\jul-to-slf4j\1.7.25\jul-to-slf4j-1.7.25.jar;C:\Users\flucchesi\.m2\repository\org\springframework\cloud\spring-cloud-gcp-starter\1.1.0.M1\spring-cloud-gcp-starter-1.1.0.M1.jar;C:\Users\flucchesi\.m2\repository\org\springframework\cloud\spring-cloud-gcp-core\1.1.0.M1\spring-cloud-gcp-core-1.1.0.M1.jar;C:\Users\flucchesi\.m2\repository\com\google\cloud\google-cloud-core\1.35.0\google-cloud-core-1.35.0.jar;C:\Users\flucchesi\.m2\repository\joda-time\joda-time\2.9.9\joda-time-2.9.9.jar;C:\Users\flucchesi\.m2\repository\com\google\http-client\google-http-client\1.23.0\google-http-client-1.23.0.jar;C:\Users\flucchesi\.m2\repository\org\apache\httpcomponents\httpclient\4.5.5\httpclient-4.5.5.jar;C:\Users\flucchesi\.m2\repository\org\apache\httpcomponents\httpcore\4.4.9\httpcore-4.4.9.jar;C:\Users\flucchesi\.m2\repository\commons-codec\commons-codec\1.11\commons-codec-1.11.jar;C:\Users\flucchesi\.m2\repository\com\google\code\findbugs\jsr305\3.0.2\jsr305-3.0.2.jar;C:\Users\flucchesi\.m2\repository\com\google\api\api-common\1.6.0\api-common-1.6.0.jar;C:\Users\flucchesi\.m2\repository\com\google\api\gax\1.28.0\gax-1.28.0.jar;C:\Users\flucchesi\.m2\repository\org\threeten\threetenbp\1.3.3\threetenbp-1.3.3.jar;C:\Users\flucchesi\.m2\repository\com\google\auth\google-auth-library-oauth2-http\0.9.1\google-auth-library-oauth2-http-0.9.1.jar;C:\Users\flucchesi\.m2\repository\com\google\auth\google-auth-library-credentials\0.9.1\google-auth-library-credentials-0.9.1.jar;C:\Users\flucchesi\.m2\repository\com\google\http-client\google-http-client-jackson2\1.19.0\google-http-client-jackson2-1.19.0.jar;C:\Users\flucchesi\.m2\repository\com\google\protobuf\protobuf-java-util\3.5.1\protobuf-java-util-3.5.1.jar;C:\Users\flucchesi\.m2\repository\com\google\protobuf\protobuf-java\3.5.1\protobuf-java-3.5.1.jar;C:\Users\flucchesi\.m2\repository\com\google\code\gson\gson\2.8.5\gson-2.8.5.jar;C:\Users\flucchesi\.m2\repository\com\google\api\grpc\proto-google-common-protos\1.11.0\proto-google-common-protos-1.11.0.jar;C:\Users\flucchesi\.m2\repository\com\google\api\grpc\proto-google-iam-v1\0.12.0\proto-google-iam-v1-0.12.0.jar;C:\Users\flucchesi\.m2\repository\org\springframework\cloud\spring-cloud-gcp-autoconfigure\1.1.0.M1\spring-cloud-gcp-autoconfigure-1.1.0.M1.jar;C:\Users\flucchesi\.m2\repository\org\springframework\cloud\spring-cloud-gcp-starter-sql-mysql\1.1.0.M1\spring-cloud-gcp-starter-sql-mysql-1.1.0.M1.jar;C:\Users\flucchesi\.m2\repository\com\google\cloud\sql\mysql-socket-factory\1.0.9\mysql-socket-factory-1.0.9.jar;C:\Users\flucchesi\.m2\repository\com\google\cloud\sql\jdbc-socket-factory-core\1.0.9\jdbc-socket-factory-core-1.0.9.jar;C:\Users\flucchesi\.m2\repository\com\google\apis\google-api-services-sqladmin\v1beta4-rev56-1.23.0\google-api-services-sqladmin-v1beta4-rev56-1.23.0.jar;C:\Users\flucchesi\.m2\repository\com\google\api-client\google-api-client\1.23.0\google-api-client-1.23.0.jar;C:\Users\flucchesi\.m2\repository\com\google\oauth-client\google-oauth-client\1.23.0\google-oauth-client-1.23.0.jar;C:\Users\flucchesi\.m2\repository\com\github\jnr\jnr-unixsocket\0.18\jnr-unixsocket-0.18.jar;C:\Users\flucchesi\.m2\repository\com\github\jnr\jnr-ffi\2.1.4\jnr-ffi-2.1.4.jar;C:\Users\flucchesi\.m2\repository\com\github\jnr\jffi\1.2.15\jffi-1.2.15.jar;C:\Users\flucchesi\.m2\repository\com\github\jnr\jffi\1.2.15\jffi-1.2.15-native.jar;C:\Users\flucchesi\.m2\repository\org\ow2\asm\asm-commons\5.0.3\asm-commons-5.0.3.jar;C:\Users\flucchesi\.m2\repository\org\ow2\asm\asm-analysis\5.0.3\asm-analysis-5.0.3.jar;C:\Users\flucchesi\.m2\repository\org\ow2\asm\asm-tree\5.0.3\asm-tree-5.0.3.jar;C:\Users\flucchesi\.m2\repository\org\ow2\asm\asm-util\5.0.3\asm-util-5.0.3.jar;C:\Users\flucchesi\.m2\repository\com\github\jnr\jnr-x86asm\1.0.2\jnr-x86asm-1.0.2.jar;C:\Users\flucchesi\.m2\repository\com\github\jnr\jnr-constants\0.9.8\jnr-constants-0.9.8.jar;C:\Users\flucchesi\.m2\repository\com\github\jnr\jnr-enxio\0.16\jnr-enxio-0.16.jar;C:\Users\flucchesi\.m2\repository\com\github\jnr\jnr-posix\3.0.35\jnr-posix-3.0.35.jar;C:\Users\flucchesi\.m2\repository\mysql\mysql-connector-java\5.1.46\mysql-connector-java-5.1.46.jar;, user.name=flucchesi, java.vm.specification.version=1.8, sun.java.command=C:\Users\flucchesi\AppData\Local\Temp\surefire7020306525801243560\surefirebooter6598355820081742601.jar C:\Users\flucchesi\AppData\Local\Temp\surefire7020306525801243560 2019-07-29T16-33-07_602-jvmRun1 surefire644398750664864837tmp surefire_08644171124572235901tmp, java.home=C:\util\jdk8\jre, sun.arch.data.model=64, user.language=en, java.specification.vendor=Oracle Corporation, user.language.format=es, awt.toolkit=sun.awt.windows.WToolkit, java.vm.info=mixed mode, java.version=1.8.0_192, java.ext.dirs=C:\util\jdk8\jre\lib\ext;C:\windows\Sun\Java\lib\ext, sun.boot.class.path=C:\util\jdk8\jre\lib\resources.jar;C:\util\jdk8\jre\lib\rt.jar;C:\util\jdk8\jre\lib\sunrsasign.jar;C:\util\jdk8\jre\lib\jsse.jar;C:\util\jdk8\jre\lib\jce.jar;C:\util\jdk8\jre\lib\charsets.jar;C:\util\jdk8\jre\lib\jfr.jar;C:\util\jdk8\jre\classes, java.vendor=Oracle Corporation, localRepository=C:\Users\flucchesi\.m2\repository, file.separator=\, java.vendor.url.bug=http://bugreport.sun.com/bugreport/, sun.io.unicode.encoding=UnicodeLittle, sun.cpu.endian=little, sun.desktop=windows, sun.cpu.isalist=amd64}}, SystemEnvironmentPropertySource@2076287037 {name='systemEnvironment', properties={PATH=C:\windows\system32;C:\windows;C:\windows\System32\Wbem;C:\windows\System32\WindowsPowerShell\v1.0\;C:\Program Files (x86)\Symantec\VIP Access Client\;C:\Program Files\SourceGear\Common\DiffMerge\;C:\Users\flucchesi\bin;C:\util\jdk8\bin;C:\util\db;C:\util\cmder\vendor\git-for-windows\usr\bin;C:\Users\flucchesi\AppData\Local\Microsoft\WindowsApps;C:\Users\flucchesi\AppData\Roaming\npm;C:\Users\flucchesi\AppData\Local\Google\Cloud SDK\google-cloud-sdk\bin;C:\apache-maven-3.6.0-bin\apache-maven-3.6.0\bin;, USERDOMAIN_ROAMINGPROFILE=EAD, PROCESSOR_LEVEL=6, SYSTEMDRIVE=C:, SESSIONNAME=Console, ALLUSERSPROFILE=C:\ProgramData, PROCESSOR_ARCHITECTURE=AMD64, DEFLOGDIR=C:\ProgramData\McAfee\Endpoint Security\Logs, MAVEN_HOME=C:\apache-maven-3.6.0-bin\apache-maven-3.6.0\bin\.., PROGRAMFILES=C:\Program Files, PSMODULEPATH=;C:\Users\flucchesi\AppData\Local\Google\Cloud SDK\google-cloud-sdk\platform\PowerShell, SOESYSTEMPARTITIONLABEL=W10E64SCCM, PROGRAMDATA=C:\ProgramData, USERNAME=flucchesi, USERDNSDOMAIN=EAD.CSC.COM, WDIR=C:\, ONEDRIVE=C:\Users\flucchesi\OneDrive - DXC Production, PATHEXT=.COM;.EXE;.BAT;.CMD;.VBS;.VBE;.JS;.JSE;.WSF;.WSH;.MSC, SOEDATAPARTITION=D:, CLASSWORLDS_JAR="C:\apache-maven-3.6.0-bin\apache-maven-3.6.0\bin\..\boot\plexus-classworlds-2.5.2.jar", INSTANCE_BASE=C:\server, TCSERVER_BASE=C:\util\tc-server\developer-3.2.11.RELEASE, WINDIR=C:\windows, HOMEPATH=\Users\flucchesi, PROCESSOR_IDENTIFIER=Intel64 Family 6 Model 69 Stepping 1, GenuineIntel, M2_HOME=C:\apache-maven-3.6.0-bin\apache-maven-3.6.0, _JAVA_OPTIONS=-Duser.timezone=America/Chicago, PUBLIC=C:\Users\Public, =EXITCODE=00000001, LOCALAPPDATA=C:\Users\flucchesi\AppData\Local, COMMONPROGRAMFILES(X86)=C:\Program Files (x86)\Common Files, USERDOMAIN=EAD, LOGONSERVER=\\DXCDC12HT4003, JAVA_HOME=C:\util\jdk8, PROMPT=$P$G, PROGRAMFILES(X86)=C:\Program Files (x86), ERROR_CODE=0, EXEC_DIR=C:\Users\flucchesi\Desktop\InterviewSpringBootSwagger-master\spring-boot-exam, =C:=C:\Users\flucchesi\Desktop\InterviewSpringBootSwagger-master\spring-boot-exam, APPDATA=C:\Users\flucchesi\AppData\Roaming, CYGWIN=winsymlinks:native, PROGRAMW6432=C:\Program Files, SYSTEMROOT=C:\windows, ORACLE_HOME=C:\util\db, MAVEN_CMD_LINE_ARGS=install, OS=Windows_NT, ONEDRIVECOMMERCIAL=C:\Users\flucchesi\OneDrive - DXC Production, COMMONPROGRAMW6432=C:\Program Files\Common Files, COMPUTERNAME=AR5CG5060JV8, COMMONPROGRAMFILES=C:\Program Files\Common Files, COMSPEC=C:\windows\system32\cmd.exe, JAVACMD=C:\util\jdk8\bin\java.exe, MAVEN_PROJECTBASEDIR=C:\Users\flucchesi\Desktop\InterviewSpringBootSwagger-master\spring-boot-exam, PROCESSOR_REVISION=4501, USER=flucchesi, UATDATA=C:\windows\CCM\UATData\D9F8C395-CAB8-491d-B8AC-179A1FE1BE77, CLASSWORLDS_LAUNCHER=org.codehaus.plexus.classworlds.launcher.Launcher, TEMP=C:\Users\flucchesi\AppData\Local\Temp, HOSTNAME=aadfwlapdv110, HOMEDRIVE=C:, USERPROFILE=C:\Users\flucchesi, TMP=C:\Users\flucchesi\AppData\Local\Temp, NUMBER_OF_PROCESSORS=4, JVMCONFIG=\.mvn\jvm.config, HOME=C:\Users\flucchesi}}]
16:33:11.448 [main] DEBUG org.springframework.core.io.support.PathMatchingResourcePatternResolver - Resolved classpath location [com/springboot/exam/] to resources [URL [file:/C:/Users/flucchesi/Desktop/InterviewSpringBootSwagger-master/spring-boot-exam/target/test-classes/com/springboot/exam/], URL [file:/C:/Users/flucchesi/Desktop/InterviewSpringBootSwagger-master/spring-boot-exam/target/classes/com/springboot/exam/]]
16:33:11.449 [main] DEBUG org.springframework.core.io.support.PathMatchingResourcePatternResolver - Looking for matching resources in directory tree [C:\Users\flucchesi\Desktop\InterviewSpringBootSwagger-master\spring-boot-exam\target\test-classes\com\springboot\exam]
16:33:11.450 [main] DEBUG org.springframework.core.io.support.PathMatchingResourcePatternResolver - Searching directory [C:\Users\flucchesi\Desktop\InterviewSpringBootSwagger-master\spring-boot-exam\target\test-classes\com\springboot\exam] for files matching pattern [C:/Users/flucchesi/Desktop/InterviewSpringBootSwagger-master/spring-boot-exam/target/test-classes/com/springboot/exam/*.class]
16:33:11.463 [main] DEBUG org.springframework.core.io.support.PathMatchingResourcePatternResolver - Looking for matching resources in directory tree [C:\Users\flucchesi\Desktop\InterviewSpringBootSwagger-master\spring-boot-exam\target\classes\com\springboot\exam]
16:33:11.464 [main] DEBUG org.springframework.core.io.support.PathMatchingResourcePatternResolver - Searching directory [C:\Users\flucchesi\Desktop\InterviewSpringBootSwagger-master\spring-boot-exam\target\classes\com\springboot\exam] for files matching pattern [C:/Users/flucchesi/Desktop/InterviewSpringBootSwagger-master/spring-boot-exam/target/classes/com/springboot/exam/*.class]
16:33:11.472 [main] DEBUG org.springframework.core.io.support.PathMatchingResourcePatternResolver - Resolved location pattern [classpath*:com/springboot/exam/*.class] to resources [file [C:\Users\flucchesi\Desktop\InterviewSpringBootSwagger-master\spring-boot-exam\target\test-classes\com\springboot\exam\SpringBootExamApplicationTests.class], file [C:\Users\flucchesi\Desktop\InterviewSpringBootSwagger-master\spring-boot-exam\target\classes\com\springboot\exam\SpringBootExamApplication.class]]
16:33:11.696 [main] DEBUG org.springframework.context.annotation.ClassPathScanningCandidateComponentProvider - Identified candidate component class: file [C:\Users\flucchesi\Desktop\InterviewSpringBootSwagger-master\spring-boot-exam\target\classes\com\springboot\exam\SpringBootExamApplication.class]
16:33:11.706 [main] INFO org.springframework.boot.test.context.SpringBootTestContextBootstrapper - Found @SpringBootConfiguration com.springboot.exam.SpringBootExamApplication for test class com.springboot.exam.SpringBootExamApplicationTests
16:33:12.301 [main] DEBUG org.springframework.boot.test.context.SpringBootTestContextBootstrapper - @TestExecutionListeners is not present for class [com.springboot.exam.SpringBootExamApplicationTests]: using defaults.
16:33:12.304 [main] INFO org.springframework.boot.test.context.SpringBootTestContextBootstrapper - Loaded default TestExecutionListener class names from location [META-INF/spring.factories]: [org.springframework.boot.test.mock.mockito.MockitoTestExecutionListener, org.springframework.boot.test.mock.mockito.ResetMocksTestExecutionListener, org.springframework.boot.test.autoconfigure.restdocs.RestDocsTestExecutionListener, org.springframework.boot.test.autoconfigure.web.client.MockRestServiceServerResetTestExecutionListener, org.springframework.boot.test.autoconfigure.web.servlet.MockMvcPrintOnlyOnFailureTestExecutionListener, org.springframework.boot.test.autoconfigure.web.servlet.WebDriverTestExecutionListener, org.springframework.test.context.web.ServletTestExecutionListener, org.springframework.test.context.support.DirtiesContextBeforeModesTestExecutionListener, org.springframework.test.context.support.DependencyInjectionTestExecutionListener, org.springframework.test.context.support.DirtiesContextTestExecutionListener, org.springframework.test.context.transaction.TransactionalTestExecutionListener, org.springframework.test.context.jdbc.SqlScriptsTestExecutionListener]
16:33:12.442 [main] INFO org.springframework.boot.test.context.SpringBootTestContextBootstrapper - Using TestExecutionListeners: [org.springframework.test.context.web.ServletTestExecutionListener@5552768b, org.springframework.test.context.support.DirtiesContextBeforeModesTestExecutionListener@3c947bc5, org.springframework.boot.test.mock.mockito.MockitoTestExecutionListener@609db43b, org.springframework.boot.test.autoconfigure.SpringBootDependencyInjectionTestExecutionListener@55f616cf, org.springframework.test.context.support.DirtiesContextTestExecutionListener@1356d4d4, org.springframework.test.context.transaction.TransactionalTestExecutionListener@c03cf28, org.springframework.test.context.jdbc.SqlScriptsTestExecutionListener@1329eff, org.springframework.boot.test.mock.mockito.ResetMocksTestExecutionListener@6497b078, org.springframework.boot.test.autoconfigure.restdocs.RestDocsTestExecutionListener@41c2284a, org.springframework.boot.test.autoconfigure.web.client.MockRestServiceServerResetTestExecutionListener@53aad5d5, org.springframework.boot.test.autoconfigure.web.servlet.MockMvcPrintOnlyOnFailureTestExecutionListener@46fa7c39, org.springframework.boot.test.autoconfigure.web.servlet.WebDriverTestExecutionListener@1fb700ee]
16:33:12.450 [main] DEBUG org.springframework.test.annotation.ProfileValueUtils - Retrieved @ProfileValueSourceConfiguration [null] for test class [com.springboot.exam.SpringBootExamApplicationTests]
16:33:12.451 [main] DEBUG org.springframework.test.annotation.ProfileValueUtils - Retrieved ProfileValueSource type [class org.springframework.test.annotation.SystemProfileValueSource] for class [com.springboot.exam.SpringBootExamApplicationTests]
16:33:12.457 [main] DEBUG org.springframework.test.annotation.ProfileValueUtils - Retrieved @ProfileValueSourceConfiguration [null] for test class [com.springboot.exam.SpringBootExamApplicationTests]
16:33:12.457 [main] DEBUG org.springframework.test.annotation.ProfileValueUtils - Retrieved ProfileValueSource type [class org.springframework.test.annotation.SystemProfileValueSource] for class [com.springboot.exam.SpringBootExamApplicationTests]
16:33:12.461 [main] DEBUG org.springframework.test.annotation.ProfileValueUtils - Retrieved @ProfileValueSourceConfiguration [null] for test class [com.springboot.exam.SpringBootExamApplicationTests]
16:33:12.461 [main] DEBUG org.springframework.test.annotation.ProfileValueUtils - Retrieved ProfileValueSource type [class org.springframework.test.annotation.SystemProfileValueSource] for class [com.springboot.exam.SpringBootExamApplicationTests]
16:33:12.477 [main] DEBUG org.springframework.test.context.support.AbstractDirtiesContextTestExecutionListener - Before test class: context [DefaultTestContext@29647f75 testClass = SpringBootExamApplicationTests, testInstance = [null], testMethod = [null], testException = [null], mergedContextConfiguration = [WebMergedContextConfiguration@3315d2d7 testClass = SpringBootExamApplicationTests, locations = '{}', classes = '{class com.springboot.exam.SpringBootExamApplication}', contextInitializerClasses = '[]', activeProfiles = '{}', propertySourceLocations = '{}', propertySourceProperties = '{org.springframework.boot.test.context.SpringBootTestContextBootstrapper=true}', contextCustomizers = set[org.springframework.boot.test.context.filter.ExcludeFilterContextCustomizer@7f416310, org.springframework.boot.test.json.DuplicateJsonObjectContextCustomizerFactory$DuplicateJsonObjectContextCustomizer@50de0926, org.springframework.boot.test.mock.mockito.MockitoContextCustomizer@0, org.springframework.boot.test.web.client.TestRestTemplateContextCustomizer@4e4aea35, org.springframework.boot.test.autoconfigure.properties.PropertyMappingContextCustomizer@0, org.springframework.boot.test.autoconfigure.web.servlet.WebDriverContextCustomizerFactory$Customizer@282003e1], resourceBasePath = 'src/main/webapp', contextLoader = 'org.springframework.boot.test.context.SpringBootContextLoader', parent = [null]], attributes = map['org.springframework.test.context.web.ServletTestExecutionListener.activateListener' -> true]], class annotated with @DirtiesContext [false] with mode [null].
16:33:12.480 [main] DEBUG org.springframework.test.annotation.ProfileValueUtils - Retrieved @ProfileValueSourceConfiguration [null] for test class [com.springboot.exam.SpringBootExamApplicationTests]
16:33:12.480 [main] DEBUG org.springframework.test.annotation.ProfileValueUtils - Retrieved ProfileValueSource type [class org.springframework.test.annotation.SystemProfileValueSource] for class [com.springboot.exam.SpringBootExamApplicationTests]
16:33:12.564 [main] DEBUG org.springframework.core.env.StandardEnvironment - Adding PropertySource 'systemProperties' with lowest search precedence
16:33:12.564 [main] DEBUG org.springframework.core.env.StandardEnvironment - Adding PropertySource 'systemEnvironment' with lowest search precedence
16:33:12.565 [main] DEBUG org.springframework.core.env.StandardEnvironment - Initialized StandardEnvironment with PropertySources [MapPropertySource@1787079037 {name='systemProperties', properties={java.runtime.name=Java(TM) SE Runtime Environment, sun.boot.library.path=C:\util\jdk8\jre\bin, java.vm.version=25.192-b12, user.country.format=AR, java.vm.vendor=Oracle Corporation, java.vendor.url=http://java.oracle.com/, path.separator=;, java.vm.name=Java HotSpot(TM) 64-Bit Server VM, file.encoding.pkg=sun.io, user.country=US, user.script=, sun.java.launcher=SUN_STANDARD, sun.os.patch.level=, java.vm.specification.name=Java Virtual Machine Specification, user.dir=C:\Users\flucchesi\Desktop\InterviewSpringBootSwagger-master\spring-boot-exam, java.runtime.version=1.8.0_192-b12, basedir=C:\Users\flucchesi\Desktop\InterviewSpringBootSwagger-master\spring-boot-exam, java.awt.graphicsenv=sun.awt.Win32GraphicsEnvironment, java.endorsed.dirs=C:\util\jdk8\jre\lib\endorsed, os.arch=amd64, surefire.real.class.path=C:\Users\flucchesi\AppData\Local\Temp\surefire7020306525801243560\surefirebooter6598355820081742601.jar, java.io.tmpdir=C:\Users\flucchesi\AppData\Local\Temp\, line.separator=
, java.vm.specification.vendor=Oracle Corporation, user.variant=, os.name=Windows 10, sun.jnu.encoding=Cp1252, java.library.path=C:\util\jdk8\jre\bin;C:\windows\Sun\Java\bin;C:\windows\system32;C:\windows;C:\windows\system32;C:\windows;C:\windows\System32\Wbem;C:\windows\System32\WindowsPowerShell\v1.0\;C:\Program Files (x86)\Symantec\VIP Access Client\;C:\Program Files\SourceGear\Common\DiffMerge\;C:\Users\flucchesi\bin;C:\util\jdk8\bin;C:\util\db;C:\util\cmder\vendor\git-for-windows\usr\bin;C:\Users\flucchesi\AppData\Local\Microsoft\WindowsApps;C:\Users\flucchesi\AppData\Roaming\npm;C:\Users\flucchesi\AppData\Local\Google\Cloud SDK\google-cloud-sdk\bin;C:\apache-maven-3.6.0-bin\apache-maven-3.6.0\bin;;., surefire.test.class.path=C:\Users\flucchesi\Desktop\InterviewSpringBootSwagger-master\spring-boot-exam\target\test-classes;C:\Users\flucchesi\Desktop\InterviewSpringBootSwagger-master\spring-boot-exam\target\classes;C:\Users\flucchesi\.m2\repository\io\springfox\springfox-swagger2\2.6.1\springfox-swagger2-2.6.1.jar;C:\Users\flucchesi\.m2\repository\io\swagger\swagger-annotations\1.5.10\swagger-annotations-1.5.10.jar;C:\Users\flucchesi\.m2\repository\io\swagger\swagger-models\1.5.10\swagger-models-1.5.10.jar;C:\Users\flucchesi\.m2\repository\com\fasterxml\jackson\core\jackson-annotations\2.9.0\jackson-annotations-2.9.0.jar;C:\Users\flucchesi\.m2\repository\io\springfox\springfox-spi\2.6.1\springfox-spi-2.6.1.jar;C:\Users\flucchesi\.m2\repository\io\springfox\springfox-core\2.6.1\springfox-core-2.6.1.jar;C:\Users\flucchesi\.m2\repository\io\springfox\springfox-schema\2.6.1\springfox-schema-2.6.1.jar;C:\Users\flucchesi\.m2\repository\io\springfox\springfox-swagger-common\2.6.1\springfox-swagger-common-2.6.1.jar;C:\Users\flucchesi\.m2\repository\io\springfox\springfox-spring-web\2.6.1\springfox-spring-web-2.6.1.jar;C:\Users\flucchesi\.m2\repository\com\google\guava\guava\18.0\guava-18.0.jar;C:\Users\flucchesi\.m2\repository\com\fasterxml\classmate\1.3.4\classmate-1.3.4.jar;C:\Users\flucchesi\.m2\repository\org\slf4j\slf4j-api\1.7.25\slf4j-api-1.7.25.jar;C:\Users\flucchesi\.m2\repository\org\springframework\plugin\spring-plugin-core\1.2.0.RELEASE\spring-plugin-core-1.2.0.RELEASE.jar;C:\Users\flucchesi\.m2\repository\org\springframework\spring-beans\5.0.7.RELEASE\spring-beans-5.0.7.RELEASE.jar;C:\Users\flucchesi\.m2\repository\org\springframework\spring-context\5.0.7.RELEASE\spring-context-5.0.7.RELEASE.jar;C:\Users\flucchesi\.m2\repository\org\springframework\spring-aop\5.0.7.RELEASE\spring-aop-5.0.7.RELEASE.jar;C:\Users\flucchesi\.m2\repository\org\springframework\plugin\spring-plugin-metadata\1.2.0.RELEASE\spring-plugin-metadata-1.2.0.RELEASE.jar;C:\Users\flucchesi\.m2\repository\org\mapstruct\mapstruct\1.0.0.Final\mapstruct-1.0.0.Final.jar;C:\Users\flucchesi\.m2\repository\io\springfox\springfox-swagger-ui\2.6.1\springfox-swagger-ui-2.6.1.jar;C:\Users\flucchesi\.m2\repository\org\springframework\boot\spring-boot-starter-data-jpa\2.0.3.RELEASE\spring-boot-starter-data-jpa-2.0.3.RELEASE.jar;C:\Users\flucchesi\.m2\repository\org\springframework\boot\spring-boot-starter\2.0.3.RELEASE\spring-boot-starter-2.0.3.RELEASE.jar;C:\Users\flucchesi\.m2\repository\org\springframework\boot\spring-boot\2.0.3.RELEASE\spring-boot-2.0.3.RELEASE.jar;C:\Users\flucchesi\.m2\repository\org\springframework\boot\spring-boot-autoconfigure\2.0.3.RELEASE\spring-boot-autoconfigure-2.0.3.RELEASE.jar;C:\Users\flucchesi\.m2\repository\org\springframework\boot\spring-boot-starter-logging\2.0.3.RELEASE\spring-boot-starter-logging-2.0.3.RELEASE.jar;C:\Users\flucchesi\.m2\repository\ch\qos\logback\logback-classic\1.2.3\logback-classic-1.2.3.jar;C:\Users\flucchesi\.m2\repository\ch\qos\logback\logback-core\1.2.3\logback-core-1.2.3.jar;C:\Users\flucchesi\.m2\repository\org\apache\logging\log4j\log4j-to-slf4j\2.10.0\log4j-to-slf4j-2.10.0.jar;C:\Users\flucchesi\.m2\repository\org\apache\logging\log4j\log4j-api\2.10.0\log4j-api-2.10.0.jar;C:\Users\flucchesi\.m2\repository\javax\annotation\javax.annotation-api\1.3.2\javax.annotation-api-1.3.2.jar;C:\Users\flucchesi\.m2\repository\org\yaml\snakeyaml\1.19\snakeyaml-1.19.jar;C:\Users\flucchesi\.m2\repository\org\springframework\boot\spring-boot-starter-aop\2.0.3.RELEASE\spring-boot-starter-aop-2.0.3.RELEASE.jar;C:\Users\flucchesi\.m2\repository\org\aspectj\aspectjweaver\1.8.13\aspectjweaver-1.8.13.jar;C:\Users\flucchesi\.m2\repository\org\springframework\boot\spring-boot-starter-jdbc\2.0.3.RELEASE\spring-boot-starter-jdbc-2.0.3.RELEASE.jar;C:\Users\flucchesi\.m2\repository\com\zaxxer\HikariCP\2.7.9\HikariCP-2.7.9.jar;C:\Users\flucchesi\.m2\repository\org\springframework\spring-jdbc\5.0.7.RELEASE\spring-jdbc-5.0.7.RELEASE.jar;C:\Users\flucchesi\.m2\repository\org\hibernate\hibernate-core\5.2.17.Final\hibernate-core-5.2.17.Final.jar;C:\Users\flucchesi\.m2\repository\org\jboss\logging\jboss-logging\3.3.2.Final\jboss-logging-3.3.2.Final.jar;C:\Users\flucchesi\.m2\repository\org\hibernate\javax\persistence\hibernate-jpa-2.1-api\1.0.2.Final\hibernate-jpa-2.1-api-1.0.2.Final.jar;C:\Users\flucchesi\.m2\repository\org\javassist\javassist\3.22.0-GA\javassist-3.22.0-GA.jar;C:\Users\flucchesi\.m2\repository\antlr\antlr\2.7.7\antlr-2.7.7.jar;C:\Users\flucchesi\.m2\repository\org\jboss\jandex\2.0.3.Final\jandex-2.0.3.Final.jar;C:\Users\flucchesi\.m2\repository\dom4j\dom4j\1.6.1\dom4j-1.6.1.jar;C:\Users\flucchesi\.m2\repository\org\hibernate\common\hibernate-commons-annotations\5.0.1.Final\hibernate-commons-annotations-5.0.1.Final.jar;C:\Users\flucchesi\.m2\repository\javax\transaction\javax.transaction-api\1.2\javax.transaction-api-1.2.jar;C:\Users\flucchesi\.m2\repository\org\springframework\data\spring-data-jpa\2.0.8.RELEASE\spring-data-jpa-2.0.8.RELEASE.jar;C:\Users\flucchesi\.m2\repository\org\springframework\data\spring-data-commons\2.0.8.RELEASE\spring-data-commons-2.0.8.RELEASE.jar;C:\Users\flucchesi\.m2\repository\org\springframework\spring-orm\5.0.7.RELEASE\spring-orm-5.0.7.RELEASE.jar;C:\Users\flucchesi\.m2\repository\org\springframework\spring-tx\5.0.7.RELEASE\spring-tx-5.0.7.RELEASE.jar;C:\Users\flucchesi\.m2\repository\org\springframework\spring-aspects\5.0.7.RELEASE\spring-aspects-5.0.7.RELEASE.jar;C:\Users\flucchesi\.m2\repository\org\springframework\boot\spring-boot-starter-web\2.0.3.RELEASE\spring-boot-starter-web-2.0.3.RELEASE.jar;C:\Users\flucchesi\.m2\repository\org\springframework\boot\spring-boot-starter-json\2.0.3.RELEASE\spring-boot-starter-json-2.0.3.RELEASE.jar;C:\Users\flucchesi\.m2\repository\com\fasterxml\jackson\core\jackson-databind\2.9.6\jackson-databind-2.9.6.jar;C:\Users\flucchesi\.m2\repository\com\fasterxml\jackson\core\jackson-core\2.9.6\jackson-core-2.9.6.jar;C:\Users\flucchesi\.m2\repository\com\fasterxml\jackson\datatype\jackson-datatype-jdk8\2.9.6\jackson-datatype-jdk8-2.9.6.jar;C:\Users\flucchesi\.m2\repository\com\fasterxml\jackson\datatype\jackson-datatype-jsr310\2.9.6\jackson-datatype-jsr310-2.9.6.jar;C:\Users\flucchesi\.m2\repository\com\fasterxml\jackson\module\jackson-module-parameter-names\2.9.6\jackson-module-parameter-names-2.9.6.jar;C:\Users\flucchesi\.m2\repository\org\hibernate\validator\hibernate-validator\6.0.10.Final\hibernate-validator-6.0.10.Final.jar;C:\Users\flucchesi\.m2\repository\javax\validation\validation-api\2.0.1.Final\validation-api-2.0.1.Final.jar;C:\Users\flucchesi\.m2\repository\org\springframework\spring-web\5.0.7.RELEASE\spring-web-5.0.7.RELEASE.jar;C:\Users\flucchesi\.m2\repository\org\springframework\spring-webmvc\5.0.7.RELEASE\spring-webmvc-5.0.7.RELEASE.jar;C:\Users\flucchesi\.m2\repository\org\springframework\spring-expression\5.0.7.RELEASE\spring-expression-5.0.7.RELEASE.jar;C:\Users\flucchesi\.m2\repository\org\springframework\boot\spring-boot-starter-test\2.0.3.RELEASE\spring-boot-starter-test-2.0.3.RELEASE.jar;C:\Users\flucchesi\.m2\repository\org\springframework\boot\spring-boot-test\2.0.3.RELEASE\spring-boot-test-2.0.3.RELEASE.jar;C:\Users\flucchesi\.m2\repository\org\springframework\boot\spring-boot-test-autoconfigure\2.0.3.RELEASE\spring-boot-test-autoconfigure-2.0.3.RELEASE.jar;C:\Users\flucchesi\.m2\repository\com\jayway\jsonpath\json-path\2.4.0\json-path-2.4.0.jar;C:\Users\flucchesi\.m2\repository\net\minidev\json-smart\2.3\json-smart-2.3.jar;C:\Users\flucchesi\.m2\repository\net\minidev\accessors-smart\1.2\accessors-smart-1.2.jar;C:\Users\flucchesi\.m2\repository\org\ow2\asm\asm\5.0.4\asm-5.0.4.jar;C:\Users\flucchesi\.m2\repository\junit\junit\4.12\junit-4.12.jar;C:\Users\flucchesi\.m2\repository\org\assertj\assertj-core\3.9.1\assertj-core-3.9.1.jar;C:\Users\flucchesi\.m2\repository\org\mockito\mockito-core\2.15.0\mockito-core-2.15.0.jar;C:\Users\flucchesi\.m2\repository\net\bytebuddy\byte-buddy\1.7.11\byte-buddy-1.7.11.jar;C:\Users\flucchesi\.m2\repository\net\bytebuddy\byte-buddy-agent\1.7.11\byte-buddy-agent-1.7.11.jar;C:\Users\flucchesi\.m2\repository\org\objenesis\objenesis\2.6\objenesis-2.6.jar;C:\Users\flucchesi\.m2\repository\org\hamcrest\hamcrest-core\1.3\hamcrest-core-1.3.jar;C:\Users\flucchesi\.m2\repository\org\hamcrest\hamcrest-library\1.3\hamcrest-library-1.3.jar;C:\Users\flucchesi\.m2\repository\org\skyscreamer\jsonassert\1.5.0\jsonassert-1.5.0.jar;C:\Users\flucchesi\.m2\repository\com\vaadin\external\google\android-json\0.0.20131108.vaadin1\android-json-0.0.20131108.vaadin1.jar;C:\Users\flucchesi\.m2\repository\org\springframework\spring-core\5.0.7.RELEASE\spring-core-5.0.7.RELEASE.jar;C:\Users\flucchesi\.m2\repository\org\springframework\spring-jcl\5.0.7.RELEASE\spring-jcl-5.0.7.RELEASE.jar;C:\Users\flucchesi\.m2\repository\org\springframework\spring-test\5.0.7.RELEASE\spring-test-5.0.7.RELEASE.jar;C:\Users\flucchesi\.m2\repository\org\xmlunit\xmlunit-core\2.5.1\xmlunit-core-2.5.1.jar;C:\Users\flucchesi\.m2\repository\javax\servlet\javax.servlet-api\3.1.0\javax.servlet-api-3.1.0.jar;C:\Users\flucchesi\.m2\repository\org\slf4j\jul-to-slf4j\1.7.25\jul-to-slf4j-1.7.25.jar;C:\Users\flucchesi\.m2\repository\org\springframework\cloud\spring-cloud-gcp-starter\1.1.0.M1\spring-cloud-gcp-starter-1.1.0.M1.jar;C:\Users\flucchesi\.m2\repository\org\springframework\cloud\spring-cloud-gcp-core\1.1.0.M1\spring-cloud-gcp-core-1.1.0.M1.jar;C:\Users\flucchesi\.m2\repository\com\google\cloud\google-cloud-core\1.35.0\google-cloud-core-1.35.0.jar;C:\Users\flucchesi\.m2\repository\joda-time\joda-time\2.9.9\joda-time-2.9.9.jar;C:\Users\flucchesi\.m2\repository\com\google\http-client\google-http-client\1.23.0\google-http-client-1.23.0.jar;C:\Users\flucchesi\.m2\repository\org\apache\httpcomponents\httpclient\4.5.5\httpclient-4.5.5.jar;C:\Users\flucchesi\.m2\repository\org\apache\httpcomponents\httpcore\4.4.9\httpcore-4.4.9.jar;C:\Users\flucchesi\.m2\repository\commons-codec\commons-codec\1.11\commons-codec-1.11.jar;C:\Users\flucchesi\.m2\repository\com\google\code\findbugs\jsr305\3.0.2\jsr305-3.0.2.jar;C:\Users\flucchesi\.m2\repository\com\google\api\api-common\1.6.0\api-common-1.6.0.jar;C:\Users\flucchesi\.m2\repository\com\google\api\gax\1.28.0\gax-1.28.0.jar;C:\Users\flucchesi\.m2\repository\org\threeten\threetenbp\1.3.3\threetenbp-1.3.3.jar;C:\Users\flucchesi\.m2\repository\com\google\auth\google-auth-library-oauth2-http\0.9.1\google-auth-library-oauth2-http-0.9.1.jar;C:\Users\flucchesi\.m2\repository\com\google\auth\google-auth-library-credentials\0.9.1\google-auth-library-credentials-0.9.1.jar;C:\Users\flucchesi\.m2\repository\com\google\http-client\google-http-client-jackson2\1.19.0\google-http-client-jackson2-1.19.0.jar;C:\Users\flucchesi\.m2\repository\com\google\protobuf\protobuf-java-util\3.5.1\protobuf-java-util-3.5.1.jar;C:\Users\flucchesi\.m2\repository\com\google\protobuf\protobuf-java\3.5.1\protobuf-java-3.5.1.jar;C:\Users\flucchesi\.m2\repository\com\google\code\gson\gson\2.8.5\gson-2.8.5.jar;C:\Users\flucchesi\.m2\repository\com\google\api\grpc\proto-google-common-protos\1.11.0\proto-google-common-protos-1.11.0.jar;C:\Users\flucchesi\.m2\repository\com\google\api\grpc\proto-google-iam-v1\0.12.0\proto-google-iam-v1-0.12.0.jar;C:\Users\flucchesi\.m2\repository\org\springframework\cloud\spring-cloud-gcp-autoconfigure\1.1.0.M1\spring-cloud-gcp-autoconfigure-1.1.0.M1.jar;C:\Users\flucchesi\.m2\repository\org\springframework\cloud\spring-cloud-gcp-starter-sql-mysql\1.1.0.M1\spring-cloud-gcp-starter-sql-mysql-1.1.0.M1.jar;C:\Users\flucchesi\.m2\repository\com\google\cloud\sql\mysql-socket-factory\1.0.9\mysql-socket-factory-1.0.9.jar;C:\Users\flucchesi\.m2\repository\com\google\cloud\sql\jdbc-socket-factory-core\1.0.9\jdbc-socket-factory-core-1.0.9.jar;C:\Users\flucchesi\.m2\repository\com\google\apis\google-api-services-sqladmin\v1beta4-rev56-1.23.0\google-api-services-sqladmin-v1beta4-rev56-1.23.0.jar;C:\Users\flucchesi\.m2\repository\com\google\api-client\google-api-client\1.23.0\google-api-client-1.23.0.jar;C:\Users\flucchesi\.m2\repository\com\google\oauth-client\google-oauth-client\1.23.0\google-oauth-client-1.23.0.jar;C:\Users\flucchesi\.m2\repository\com\github\jnr\jnr-unixsocket\0.18\jnr-unixsocket-0.18.jar;C:\Users\flucchesi\.m2\repository\com\github\jnr\jnr-ffi\2.1.4\jnr-ffi-2.1.4.jar;C:\Users\flucchesi\.m2\repository\com\github\jnr\jffi\1.2.15\jffi-1.2.15.jar;C:\Users\flucchesi\.m2\repository\com\github\jnr\jffi\1.2.15\jffi-1.2.15-native.jar;C:\Users\flucchesi\.m2\repository\org\ow2\asm\asm-commons\5.0.3\asm-commons-5.0.3.jar;C:\Users\flucchesi\.m2\repository\org\ow2\asm\asm-analysis\5.0.3\asm-analysis-5.0.3.jar;C:\Users\flucchesi\.m2\repository\org\ow2\asm\asm-tree\5.0.3\asm-tree-5.0.3.jar;C:\Users\flucchesi\.m2\repository\org\ow2\asm\asm-util\5.0.3\asm-util-5.0.3.jar;C:\Users\flucchesi\.m2\repository\com\github\jnr\jnr-x86asm\1.0.2\jnr-x86asm-1.0.2.jar;C:\Users\flucchesi\.m2\repository\com\github\jnr\jnr-constants\0.9.8\jnr-constants-0.9.8.jar;C:\Users\flucchesi\.m2\repository\com\github\jnr\jnr-enxio\0.16\jnr-enxio-0.16.jar;C:\Users\flucchesi\.m2\repository\com\github\jnr\jnr-posix\3.0.35\jnr-posix-3.0.35.jar;C:\Users\flucchesi\.m2\repository\mysql\mysql-connector-java\5.1.46\mysql-connector-java-5.1.46.jar;, java.specification.name=Java Platform API Specification, java.class.version=52.0, sun.management.compiler=HotSpot 64-Bit Tiered Compilers, os.version=10.0, user.home=C:\Users\flucchesi, user.timezone=America/Chicago, java.awt.printerjob=sun.awt.windows.WPrinterJob, file.encoding=Cp1252, java.specification.version=1.8, java.class.path=C:\Users\flucchesi\Desktop\InterviewSpringBootSwagger-master\spring-boot-exam\target\test-classes;C:\Users\flucchesi\Desktop\InterviewSpringBootSwagger-master\spring-boot-exam\target\classes;C:\Users\flucchesi\.m2\repository\io\springfox\springfox-swagger2\2.6.1\springfox-swagger2-2.6.1.jar;C:\Users\flucchesi\.m2\repository\io\swagger\swagger-annotations\1.5.10\swagger-annotations-1.5.10.jar;C:\Users\flucchesi\.m2\repository\io\swagger\swagger-models\1.5.10\swagger-models-1.5.10.jar;C:\Users\flucchesi\.m2\repository\com\fasterxml\jackson\core\jackson-annotations\2.9.0\jackson-annotations-2.9.0.jar;C:\Users\flucchesi\.m2\repository\io\springfox\springfox-spi\2.6.1\springfox-spi-2.6.1.jar;C:\Users\flucchesi\.m2\repository\io\springfox\springfox-core\2.6.1\springfox-core-2.6.1.jar;C:\Users\flucchesi\.m2\repository\io\springfox\springfox-schema\2.6.1\springfox-schema-2.6.1.jar;C:\Users\flucchesi\.m2\repository\io\springfox\springfox-swagger-common\2.6.1\springfox-swagger-common-2.6.1.jar;C:\Users\flucchesi\.m2\repository\io\springfox\springfox-spring-web\2.6.1\springfox-spring-web-2.6.1.jar;C:\Users\flucchesi\.m2\repository\com\google\guava\guava\18.0\guava-18.0.jar;C:\Users\flucchesi\.m2\repository\com\fasterxml\classmate\1.3.4\classmate-1.3.4.jar;C:\Users\flucchesi\.m2\repository\org\slf4j\slf4j-api\1.7.25\slf4j-api-1.7.25.jar;C:\Users\flucchesi\.m2\repository\org\springframework\plugin\spring-plugin-core\1.2.0.RELEASE\spring-plugin-core-1.2.0.RELEASE.jar;C:\Users\flucchesi\.m2\repository\org\springframework\spring-beans\5.0.7.RELEASE\spring-beans-5.0.7.RELEASE.jar;C:\Users\flucchesi\.m2\repository\org\springframework\spring-context\5.0.7.RELEASE\spring-context-5.0.7.RELEASE.jar;C:\Users\flucchesi\.m2\repository\org\springframework\spring-aop\5.0.7.RELEASE\spring-aop-5.0.7.RELEASE.jar;C:\Users\flucchesi\.m2\repository\org\springframework\plugin\spring-plugin-metadata\1.2.0.RELEASE\spring-plugin-metadata-1.2.0.RELEASE.jar;C:\Users\flucchesi\.m2\repository\org\mapstruct\mapstruct\1.0.0.Final\mapstruct-1.0.0.Final.jar;C:\Users\flucchesi\.m2\repository\io\springfox\springfox-swagger-ui\2.6.1\springfox-swagger-ui-2.6.1.jar;C:\Users\flucchesi\.m2\repository\org\springframework\boot\spring-boot-starter-data-jpa\2.0.3.RELEASE\spring-boot-starter-data-jpa-2.0.3.RELEASE.jar;C:\Users\flucchesi\.m2\repository\org\springframework\boot\spring-boot-starter\2.0.3.RELEASE\spring-boot-starter-2.0.3.RELEASE.jar;C:\Users\flucchesi\.m2\repository\org\springframework\boot\spring-boot\2.0.3.RELEASE\spring-boot-2.0.3.RELEASE.jar;C:\Users\flucchesi\.m2\repository\org\springframework\boot\spring-boot-autoconfigure\2.0.3.RELEASE\spring-boot-autoconfigure-2.0.3.RELEASE.jar;C:\Users\flucchesi\.m2\repository\org\springframework\boot\spring-boot-starter-logging\2.0.3.RELEASE\spring-boot-starter-logging-2.0.3.RELEASE.jar;C:\Users\flucchesi\.m2\repository\ch\qos\logback\logback-classic\1.2.3\logback-classic-1.2.3.jar;C:\Users\flucchesi\.m2\repository\ch\qos\logback\logback-core\1.2.3\logback-core-1.2.3.jar;C:\Users\flucchesi\.m2\repository\org\apache\logging\log4j\log4j-to-slf4j\2.10.0\log4j-to-slf4j-2.10.0.jar;C:\Users\flucchesi\.m2\repository\org\apache\logging\log4j\log4j-api\2.10.0\log4j-api-2.10.0.jar;C:\Users\flucchesi\.m2\repository\javax\annotation\javax.annotation-api\1.3.2\javax.annotation-api-1.3.2.jar;C:\Users\flucchesi\.m2\repository\org\yaml\snakeyaml\1.19\snakeyaml-1.19.jar;C:\Users\flucchesi\.m2\repository\org\springframework\boot\spring-boot-starter-aop\2.0.3.RELEASE\spring-boot-starter-aop-2.0.3.RELEASE.jar;C:\Users\flucchesi\.m2\repository\org\aspectj\aspectjweaver\1.8.13\aspectjweaver-1.8.13.jar;C:\Users\flucchesi\.m2\repository\org\springframework\boot\spring-boot-starter-jdbc\2.0.3.RELEASE\spring-boot-starter-jdbc-2.0.3.RELEASE.jar;C:\Users\flucchesi\.m2\repository\com\zaxxer\HikariCP\2.7.9\HikariCP-2.7.9.jar;C:\Users\flucchesi\.m2\repository\org\springframework\spring-jdbc\5.0.7.RELEASE\spring-jdbc-5.0.7.RELEASE.jar;C:\Users\flucchesi\.m2\repository\org\hibernate\hibernate-core\5.2.17.Final\hibernate-core-5.2.17.Final.jar;C:\Users\flucchesi\.m2\repository\org\jboss\logging\jboss-logging\3.3.2.Final\jboss-logging-3.3.2.Final.jar;C:\Users\flucchesi\.m2\repository\org\hibernate\javax\persistence\hibernate-jpa-2.1-api\1.0.2.Final\hibernate-jpa-2.1-api-1.0.2.Final.jar;C:\Users\flucchesi\.m2\repository\org\javassist\javassist\3.22.0-GA\javassist-3.22.0-GA.jar;C:\Users\flucchesi\.m2\repository\antlr\antlr\2.7.7\antlr-2.7.7.jar;C:\Users\flucchesi\.m2\repository\org\jboss\jandex\2.0.3.Final\jandex-2.0.3.Final.jar;C:\Users\flucchesi\.m2\repository\dom4j\dom4j\1.6.1\dom4j-1.6.1.jar;C:\Users\flucchesi\.m2\repository\org\hibernate\common\hibernate-commons-annotations\5.0.1.Final\hibernate-commons-annotations-5.0.1.Final.jar;C:\Users\flucchesi\.m2\repository\javax\transaction\javax.transaction-api\1.2\javax.transaction-api-1.2.jar;C:\Users\flucchesi\.m2\repository\org\springframework\data\spring-data-jpa\2.0.8.RELEASE\spring-data-jpa-2.0.8.RELEASE.jar;C:\Users\flucchesi\.m2\repository\org\springframework\data\spring-data-commons\2.0.8.RELEASE\spring-data-commons-2.0.8.RELEASE.jar;C:\Users\flucchesi\.m2\repository\org\springframework\spring-orm\5.0.7.RELEASE\spring-orm-5.0.7.RELEASE.jar;C:\Users\flucchesi\.m2\repository\org\springframework\spring-tx\5.0.7.RELEASE\spring-tx-5.0.7.RELEASE.jar;C:\Users\flucchesi\.m2\repository\org\springframework\spring-aspects\5.0.7.RELEASE\spring-aspects-5.0.7.RELEASE.jar;C:\Users\flucchesi\.m2\repository\org\springframework\boot\spring-boot-starter-web\2.0.3.RELEASE\spring-boot-starter-web-2.0.3.RELEASE.jar;C:\Users\flucchesi\.m2\repository\org\springframework\boot\spring-boot-starter-json\2.0.3.RELEASE\spring-boot-starter-json-2.0.3.RELEASE.jar;C:\Users\flucchesi\.m2\repository\com\fasterxml\jackson\core\jackson-databind\2.9.6\jackson-databind-2.9.6.jar;C:\Users\flucchesi\.m2\repository\com\fasterxml\jackson\core\jackson-core\2.9.6\jackson-core-2.9.6.jar;C:\Users\flucchesi\.m2\repository\com\fasterxml\jackson\datatype\jackson-datatype-jdk8\2.9.6\jackson-datatype-jdk8-2.9.6.jar;C:\Users\flucchesi\.m2\repository\com\fasterxml\jackson\datatype\jackson-datatype-jsr310\2.9.6\jackson-datatype-jsr310-2.9.6.jar;C:\Users\flucchesi\.m2\repository\com\fasterxml\jackson\module\jackson-module-parameter-names\2.9.6\jackson-module-parameter-names-2.9.6.jar;C:\Users\flucchesi\.m2\repository\org\hibernate\validator\hibernate-validator\6.0.10.Final\hibernate-validator-6.0.10.Final.jar;C:\Users\flucchesi\.m2\repository\javax\validation\validation-api\2.0.1.Final\validation-api-2.0.1.Final.jar;C:\Users\flucchesi\.m2\repository\org\springframework\spring-web\5.0.7.RELEASE\spring-web-5.0.7.RELEASE.jar;C:\Users\flucchesi\.m2\repository\org\springframework\spring-webmvc\5.0.7.RELEASE\spring-webmvc-5.0.7.RELEASE.jar;C:\Users\flucchesi\.m2\repository\org\springframework\spring-expression\5.0.7.RELEASE\spring-expression-5.0.7.RELEASE.jar;C:\Users\flucchesi\.m2\repository\org\springframework\boot\spring-boot-starter-test\2.0.3.RELEASE\spring-boot-starter-test-2.0.3.RELEASE.jar;C:\Users\flucchesi\.m2\repository\org\springframework\boot\spring-boot-test\2.0.3.RELEASE\spring-boot-test-2.0.3.RELEASE.jar;C:\Users\flucchesi\.m2\repository\org\springframework\boot\spring-boot-test-autoconfigure\2.0.3.RELEASE\spring-boot-test-autoconfigure-2.0.3.RELEASE.jar;C:\Users\flucchesi\.m2\repository\com\jayway\jsonpath\json-path\2.4.0\json-path-2.4.0.jar;C:\Users\flucchesi\.m2\repository\net\minidev\json-smart\2.3\json-smart-2.3.jar;C:\Users\flucchesi\.m2\repository\net\minidev\accessors-smart\1.2\accessors-smart-1.2.jar;C:\Users\flucchesi\.m2\repository\org\ow2\asm\asm\5.0.4\asm-5.0.4.jar;C:\Users\flucchesi\.m2\repository\junit\junit\4.12\junit-4.12.jar;C:\Users\flucchesi\.m2\repository\org\assertj\assertj-core\3.9.1\assertj-core-3.9.1.jar;C:\Users\flucchesi\.m2\repository\org\mockito\mockito-core\2.15.0\mockito-core-2.15.0.jar;C:\Users\flucchesi\.m2\repository\net\bytebuddy\byte-buddy\1.7.11\byte-buddy-1.7.11.jar;C:\Users\flucchesi\.m2\repository\net\bytebuddy\byte-buddy-agent\1.7.11\byte-buddy-agent-1.7.11.jar;C:\Users\flucchesi\.m2\repository\org\objenesis\objenesis\2.6\objenesis-2.6.jar;C:\Users\flucchesi\.m2\repository\org\hamcrest\hamcrest-core\1.3\hamcrest-core-1.3.jar;C:\Users\flucchesi\.m2\repository\org\hamcrest\hamcrest-library\1.3\hamcrest-library-1.3.jar;C:\Users\flucchesi\.m2\repository\org\skyscreamer\jsonassert\1.5.0\jsonassert-1.5.0.jar;C:\Users\flucchesi\.m2\repository\com\vaadin\external\google\android-json\0.0.20131108.vaadin1\android-json-0.0.20131108.vaadin1.jar;C:\Users\flucchesi\.m2\repository\org\springframework\spring-core\5.0.7.RELEASE\spring-core-5.0.7.RELEASE.jar;C:\Users\flucchesi\.m2\repository\org\springframework\spring-jcl\5.0.7.RELEASE\spring-jcl-5.0.7.RELEASE.jar;C:\Users\flucchesi\.m2\repository\org\springframework\spring-test\5.0.7.RELEASE\spring-test-5.0.7.RELEASE.jar;C:\Users\flucchesi\.m2\repository\org\xmlunit\xmlunit-core\2.5.1\xmlunit-core-2.5.1.jar;C:\Users\flucchesi\.m2\repository\javax\servlet\javax.servlet-api\3.1.0\javax.servlet-api-3.1.0.jar;C:\Users\flucchesi\.m2\repository\org\slf4j\jul-to-slf4j\1.7.25\jul-to-slf4j-1.7.25.jar;C:\Users\flucchesi\.m2\repository\org\springframework\cloud\spring-cloud-gcp-starter\1.1.0.M1\spring-cloud-gcp-starter-1.1.0.M1.jar;C:\Users\flucchesi\.m2\repository\org\springframework\cloud\spring-cloud-gcp-core\1.1.0.M1\spring-cloud-gcp-core-1.1.0.M1.jar;C:\Users\flucchesi\.m2\repository\com\google\cloud\google-cloud-core\1.35.0\google-cloud-core-1.35.0.jar;C:\Users\flucchesi\.m2\repository\joda-time\joda-time\2.9.9\joda-time-2.9.9.jar;C:\Users\flucchesi\.m2\repository\com\google\http-client\google-http-client\1.23.0\google-http-client-1.23.0.jar;C:\Users\flucchesi\.m2\repository\org\apache\httpcomponents\httpclient\4.5.5\httpclient-4.5.5.jar;C:\Users\flucchesi\.m2\repository\org\apache\httpcomponents\httpcore\4.4.9\httpcore-4.4.9.jar;C:\Users\flucchesi\.m2\repository\commons-codec\commons-codec\1.11\commons-codec-1.11.jar;C:\Users\flucchesi\.m2\repository\com\google\code\findbugs\jsr305\3.0.2\jsr305-3.0.2.jar;C:\Users\flucchesi\.m2\repository\com\google\api\api-common\1.6.0\api-common-1.6.0.jar;C:\Users\flucchesi\.m2\repository\com\google\api\gax\1.28.0\gax-1.28.0.jar;C:\Users\flucchesi\.m2\repository\org\threeten\threetenbp\1.3.3\threetenbp-1.3.3.jar;C:\Users\flucchesi\.m2\repository\com\google\auth\google-auth-library-oauth2-http\0.9.1\google-auth-library-oauth2-http-0.9.1.jar;C:\Users\flucchesi\.m2\repository\com\google\auth\google-auth-library-credentials\0.9.1\google-auth-library-credentials-0.9.1.jar;C:\Users\flucchesi\.m2\repository\com\google\http-client\google-http-client-jackson2\1.19.0\google-http-client-jackson2-1.19.0.jar;C:\Users\flucchesi\.m2\repository\com\google\protobuf\protobuf-java-util\3.5.1\protobuf-java-util-3.5.1.jar;C:\Users\flucchesi\.m2\repository\com\google\protobuf\protobuf-java\3.5.1\protobuf-java-3.5.1.jar;C:\Users\flucchesi\.m2\repository\com\google\code\gson\gson\2.8.5\gson-2.8.5.jar;C:\Users\flucchesi\.m2\repository\com\google\api\grpc\proto-google-common-protos\1.11.0\proto-google-common-protos-1.11.0.jar;C:\Users\flucchesi\.m2\repository\com\google\api\grpc\proto-google-iam-v1\0.12.0\proto-google-iam-v1-0.12.0.jar;C:\Users\flucchesi\.m2\repository\org\springframework\cloud\spring-cloud-gcp-autoconfigure\1.1.0.M1\spring-cloud-gcp-autoconfigure-1.1.0.M1.jar;C:\Users\flucchesi\.m2\repository\org\springframework\cloud\spring-cloud-gcp-starter-sql-mysql\1.1.0.M1\spring-cloud-gcp-starter-sql-mysql-1.1.0.M1.jar;C:\Users\flucchesi\.m2\repository\com\google\cloud\sql\mysql-socket-factory\1.0.9\mysql-socket-factory-1.0.9.jar;C:\Users\flucchesi\.m2\repository\com\google\cloud\sql\jdbc-socket-factory-core\1.0.9\jdbc-socket-factory-core-1.0.9.jar;C:\Users\flucchesi\.m2\repository\com\google\apis\google-api-services-sqladmin\v1beta4-rev56-1.23.0\google-api-services-sqladmin-v1beta4-rev56-1.23.0.jar;C:\Users\flucchesi\.m2\repository\com\google\api-client\google-api-client\1.23.0\google-api-client-1.23.0.jar;C:\Users\flucchesi\.m2\repository\com\google\oauth-client\google-oauth-client\1.23.0\google-oauth-client-1.23.0.jar;C:\Users\flucchesi\.m2\repository\com\github\jnr\jnr-unixsocket\0.18\jnr-unixsocket-0.18.jar;C:\Users\flucchesi\.m2\repository\com\github\jnr\jnr-ffi\2.1.4\jnr-ffi-2.1.4.jar;C:\Users\flucchesi\.m2\repository\com\github\jnr\jffi\1.2.15\jffi-1.2.15.jar;C:\Users\flucchesi\.m2\repository\com\github\jnr\jffi\1.2.15\jffi-1.2.15-native.jar;C:\Users\flucchesi\.m2\repository\org\ow2\asm\asm-commons\5.0.3\asm-commons-5.0.3.jar;C:\Users\flucchesi\.m2\repository\org\ow2\asm\asm-analysis\5.0.3\asm-analysis-5.0.3.jar;C:\Users\flucchesi\.m2\repository\org\ow2\asm\asm-tree\5.0.3\asm-tree-5.0.3.jar;C:\Users\flucchesi\.m2\repository\org\ow2\asm\asm-util\5.0.3\asm-util-5.0.3.jar;C:\Users\flucchesi\.m2\repository\com\github\jnr\jnr-x86asm\1.0.2\jnr-x86asm-1.0.2.jar;C:\Users\flucchesi\.m2\repository\com\github\jnr\jnr-constants\0.9.8\jnr-constants-0.9.8.jar;C:\Users\flucchesi\.m2\repository\com\github\jnr\jnr-enxio\0.16\jnr-enxio-0.16.jar;C:\Users\flucchesi\.m2\repository\com\github\jnr\jnr-posix\3.0.35\jnr-posix-3.0.35.jar;C:\Users\flucchesi\.m2\repository\mysql\mysql-connector-java\5.1.46\mysql-connector-java-5.1.46.jar;, user.name=flucchesi, java.vm.specification.version=1.8, sun.java.command=C:\Users\flucchesi\AppData\Local\Temp\surefire7020306525801243560\surefirebooter6598355820081742601.jar C:\Users\flucchesi\AppData\Local\Temp\surefire7020306525801243560 2019-07-29T16-33-07_602-jvmRun1 surefire644398750664864837tmp surefire_08644171124572235901tmp, java.home=C:\util\jdk8\jre, sun.arch.data.model=64, user.language=en, java.specification.vendor=Oracle Corporation, user.language.format=es, awt.toolkit=sun.awt.windows.WToolkit, java.vm.info=mixed mode, java.version=1.8.0_192, java.ext.dirs=C:\util\jdk8\jre\lib\ext;C:\windows\Sun\Java\lib\ext, sun.boot.class.path=C:\util\jdk8\jre\lib\resources.jar;C:\util\jdk8\jre\lib\rt.jar;C:\util\jdk8\jre\lib\sunrsasign.jar;C:\util\jdk8\jre\lib\jsse.jar;C:\util\jdk8\jre\lib\jce.jar;C:\util\jdk8\jre\lib\charsets.jar;C:\util\jdk8\jre\lib\jfr.jar;C:\util\jdk8\jre\classes, java.vendor=Oracle Corporation, localRepository=C:\Users\flucchesi\.m2\repository, file.separator=\, java.vendor.url.bug=http://bugreport.sun.com/bugreport/, sun.io.unicode.encoding=UnicodeLittle, sun.cpu.endian=little, sun.desktop=windows, sun.cpu.isalist=amd64}}, SystemEnvironmentPropertySource@1813187653 {name='systemEnvironment', properties={PATH=C:\windows\system32;C:\windows;C:\windows\System32\Wbem;C:\windows\System32\WindowsPowerShell\v1.0\;C:\Program Files (x86)\Symantec\VIP Access Client\;C:\Program Files\SourceGear\Common\DiffMerge\;C:\Users\flucchesi\bin;C:\util\jdk8\bin;C:\util\db;C:\util\cmder\vendor\git-for-windows\usr\bin;C:\Users\flucchesi\AppData\Local\Microsoft\WindowsApps;C:\Users\flucchesi\AppData\Roaming\npm;C:\Users\flucchesi\AppData\Local\Google\Cloud SDK\google-cloud-sdk\bin;C:\apache-maven-3.6.0-bin\apache-maven-3.6.0\bin;, USERDOMAIN_ROAMINGPROFILE=EAD, PROCESSOR_LEVEL=6, SYSTEMDRIVE=C:, SESSIONNAME=Console, ALLUSERSPROFILE=C:\ProgramData, PROCESSOR_ARCHITECTURE=AMD64, DEFLOGDIR=C:\ProgramData\McAfee\Endpoint Security\Logs, MAVEN_HOME=C:\apache-maven-3.6.0-bin\apache-maven-3.6.0\bin\.., PROGRAMFILES=C:\Program Files, PSMODULEPATH=;C:\Users\flucchesi\AppData\Local\Google\Cloud SDK\google-cloud-sdk\platform\PowerShell, SOESYSTEMPARTITIONLABEL=W10E64SCCM, PROGRAMDATA=C:\ProgramData, USERNAME=flucchesi, USERDNSDOMAIN=EAD.CSC.COM, WDIR=C:\, ONEDRIVE=C:\Users\flucchesi\OneDrive - DXC Production, PATHEXT=.COM;.EXE;.BAT;.CMD;.VBS;.VBE;.JS;.JSE;.WSF;.WSH;.MSC, SOEDATAPARTITION=D:, CLASSWORLDS_JAR="C:\apache-maven-3.6.0-bin\apache-maven-3.6.0\bin\..\boot\plexus-classworlds-2.5.2.jar", INSTANCE_BASE=C:\server, TCSERVER_BASE=C:\util\tc-server\developer-3.2.11.RELEASE, WINDIR=C:\windows, HOMEPATH=\Users\flucchesi, PROCESSOR_IDENTIFIER=Intel64 Family 6 Model 69 Stepping 1, GenuineIntel, M2_HOME=C:\apache-maven-3.6.0-bin\apache-maven-3.6.0, _JAVA_OPTIONS=-Duser.timezone=America/Chicago, PUBLIC=C:\Users\Public, =EXITCODE=00000001, LOCALAPPDATA=C:\Users\flucchesi\AppData\Local, COMMONPROGRAMFILES(X86)=C:\Program Files (x86)\Common Files, USERDOMAIN=EAD, LOGONSERVER=\\DXCDC12HT4003, JAVA_HOME=C:\util\jdk8, PROMPT=$P$G, PROGRAMFILES(X86)=C:\Program Files (x86), ERROR_CODE=0, EXEC_DIR=C:\Users\flucchesi\Desktop\InterviewSpringBootSwagger-master\spring-boot-exam, =C:=C:\Users\flucchesi\Desktop\InterviewSpringBootSwagger-master\spring-boot-exam, APPDATA=C:\Users\flucchesi\AppData\Roaming, CYGWIN=winsymlinks:native, PROGRAMW6432=C:\Program Files, SYSTEMROOT=C:\windows, ORACLE_HOME=C:\util\db, MAVEN_CMD_LINE_ARGS=install, OS=Windows_NT, ONEDRIVECO
[...]
Caused by: java.lang.RuntimeException: Unable to obtain credentials to communicate with the Cloud SQL API
	at com.google.cloud.sql.core.SslSocketFactory$ApplicationDefaultCredentialFactory.create(SslSocketFactory.java:556) ~[jdbc-socket-factory-core-1.0.9.jar:na]
	at com.google.cloud.sql.core.SslSocketFactory.getInstance(SslSocketFactory.java:143) ~[jdbc-socket-factory-core-1.0.9.jar:na]
	at com.google.cloud.sql.mysql.SocketFactory.connect(SocketFactory.java:56) ~[mysql-socket-factory-1.0.9.jar:na]
	at com.mysql.jdbc.MysqlIO.<init>(MysqlIO.java:301) ~[mysql-connector-java-5.1.46.jar:5.1.46]
	at com.mysql.jdbc.ConnectionImpl.coreConnect(ConnectionImpl.java:2188) ~[mysql-connector-java-5.1.46.jar:5.1.46]
	at com.mysql.jdbc.ConnectionImpl.connectOneTryOnly(ConnectionImpl.java:2221) ~[mysql-connector-java-5.1.46.jar:5.1.46]
	... 82 common frames omitted
Caused by: java.io.IOException: The Application Default Credentials are not available. They are available if running on Google App Engine, Google Compute Engine, or Google Cloud Shell. Otherwise, the environment variable GOOGLE_APPLICATION_CREDENTIALS must be defined pointing to a file defining the credentials. See https://developers.google.com/accounts/docs/application-default-credentials for more information.
	at com.google.api.client.googleapis.auth.oauth2.DefaultCredentialProvider.getDefaultCredential(DefaultCredentialProvider.java:98) ~[google-api-client-1.23.0.jar:1.23.0]
	at com.google.api.client.googleapis.auth.oauth2.GoogleCredential.getApplicationDefault(GoogleCredential.java:213) ~[google-api-client-1.23.0.jar:1.23.0]
	at com.google.api.client.googleapis.auth.oauth2.GoogleCredential.getApplicationDefault(GoogleCredential.java:191) ~[google-api-client-1.23.0.jar:1.23.0]
	at com.google.cloud.sql.core.SslSocketFactory$ApplicationDefaultCredentialFactory.create(SslSocketFactory.java:554) ~[jdbc-socket-factory-core-1.0.9.jar:na]
	... 87 common frames omitted

2019-07-29 16:33:32.193 ERROR 14712 --- [           main] o.s.test.context.TestContextManager      : Caught exception while allowing TestExecutionListener [org.springframework.test.context.web.ServletTestExecutionListener@5552768b] to prepare test instance [com.springboot.exam.SpringBootExamApplicationTests@166c2c17]

java.lang.IllegalStateException: Failed to load ApplicationContext
	at org.springframework.test.context.cache.DefaultCacheAwareContextLoaderDelegate.loadContext(DefaultCacheAwareContextLoaderDelegate.java:125) ~[spring-test-5.0.7.RELEASE.jar:5.0.7.RELEASE]
	at org.springframework.test.context.support.DefaultTestContext.getApplicationContext(DefaultTestContext.java:108) ~[spring-test-5.0.7.RELEASE.jar:5.0.7.RELEASE]
	at org.springframework.test.context.web.ServletTestExecutionListener.setUpRequestContextIfNecessary(ServletTestExecutionListener.java:190) ~[spring-test-5.0.7.RELEASE.jar:5.0.7.RELEASE]
	at org.springframework.test.context.web.ServletTestExecutionListener.prepareTestInstance(ServletTestExecutionListener.java:132) ~[spring-test-5.0.7.RELEASE.jar:5.0.7.RELEASE]
	at org.springframework.test.context.TestContextManager.prepareTestInstance(TestContextManager.java:246) ~[spring-test-5.0.7.RELEASE.jar:5.0.7.RELEASE]
	at org.springframework.test.context.junit4.SpringJUnit4ClassRunner.createTest(SpringJUnit4ClassRunner.java:227) [spring-test-5.0.7.RELEASE.jar:5.0.7.RELEASE]
	at org.springframework.test.context.junit4.SpringJUnit4ClassRunner$1.runReflectiveCall(SpringJUnit4ClassRunner.java:289) [spring-test-5.0.7.RELEASE.jar:5.0.7.RELEASE]
	at org.junit.internal.runners.model.ReflectiveCallable.run(ReflectiveCallable.java:12) [junit-4.12.jar:4.12]
	at org.springframework.test.context.junit4.SpringJUnit4ClassRunner.methodBlock(SpringJUnit4ClassRunner.java:291) [spring-test-5.0.7.RELEASE.jar:5.0.7.RELEASE]
	at org.springframework.test.context.junit4.SpringJUnit4ClassRunner.runChild(SpringJUnit4ClassRunner.java:246) [spring-test-5.0.7.RELEASE.jar:5.0.7.RELEASE]
	at org.springframework.test.context.junit4.SpringJUnit4ClassRunner.runChild(SpringJUnit4ClassRunner.java:97) [spring-test-5.0.7.RELEASE.jar:5.0.7.RELEASE]
	at org.junit.runners.ParentRunner$3.run(ParentRunner.java:290) [junit-4.12.jar:4.12]
	at org.junit.runners.ParentRunner$1.schedule(ParentRunner.java:71) [junit-4.12.jar:4.12]
	at org.junit.runners.ParentRunner.runChildren(ParentRunner.java:288) [junit-4.12.jar:4.12]
	at org.junit.runners.ParentRunner.access$000(ParentRunner.java:58) [junit-4.12.jar:4.12]
	at org.junit.runners.ParentRunner$2.evaluate(ParentRunner.java:268) [junit-4.12.jar:4.12]
	at org.springframework.test.context.junit4.statements.RunBeforeTestClassCallbacks.evaluate(RunBeforeTestClassCallbacks.java:61) [spring-test-5.0.7.RELEASE.jar:5.0.7.RELEASE]
	at org.springframework.test.context.junit4.statements.RunAfterTestClassCallbacks.evaluate(RunAfterTestClassCallbacks.java:70) [spring-test-5.0.7.RELEASE.jar:5.0.7.RELEASE]
	at org.junit.runners.ParentRunner.run(ParentRunner.java:363) [junit-4.12.jar:4.12]
	at org.springframework.test.context.junit4.SpringJUnit4ClassRunner.run(SpringJUnit4ClassRunner.java:190) [spring-test-5.0.7.RELEASE.jar:5.0.7.RELEASE]
	at org.apache.maven.surefire.junit4.JUnit4Provider.execute(JUnit4Provider.java:365) [surefire-junit4-2.21.0.jar:2.21.0]
	at org.apache.maven.surefire.junit4.JUnit4Provider.executeWithRerun(JUnit4Provider.java:273) [surefire-junit4-2.21.0.jar:2.21.0]
	at org.apache.maven.surefire.junit4.JUnit4Provider.executeTestSet(JUnit4Provider.java:238) [surefire-junit4-2.21.0.jar:2.21.0]
	at org.apache.maven.surefire.junit4.JUnit4Provider.invoke(JUnit4Provider.java:159) [surefire-junit4-2.21.0.jar:2.21.0]
	at org.apache.maven.surefire.booter.ForkedBooter.invokeProviderInSameClassLoader(ForkedBooter.java:379) [surefire-booter-2.21.0.jar:2.21.0]
	at org.apache.maven.surefire.booter.ForkedBooter.runSuitesInProcess(ForkedBooter.java:340) [surefire-booter-2.21.0.jar:2.21.0]
	at org.apache.maven.surefire.booter.ForkedBooter.execute(ForkedBooter.java:125) [surefire-booter-2.21.0.jar:2.21.0]
	at org.apache.maven.surefire.booter.ForkedBooter.main(ForkedBooter.java:413) [surefire-booter-2.21.0.jar:2.21.0]
Caused by: org.springframework.beans.factory.BeanCreationException: Error creating bean with name 'entityManagerFactory' defined in class path resource [org/springframework/boot/autoconfigure/orm/jpa/HibernateJpaConfiguration.class]: Invocation of init method failed; nested exception is javax.persistence.PersistenceException: [PersistenceUnit: default] Unable to build Hibernate SessionFactory; nested exception is org.hibernate.exception.JDBCConnectionException: Unable to open JDBC Connection for DDL execution
	at org.springframework.beans.factory.support.AbstractAutowireCapableBeanFactory.initializeBean(AbstractAutowireCapableBeanFactory.java:1708) ~[spring-beans-5.0.7.RELEASE.jar:5.0.7.RELEASE]
	at org.springframework.beans.factory.support.AbstractAutowireCapableBeanFactory.doCreateBean(AbstractAutowireCapableBeanFactory.java:581) ~[spring-beans-5.0.7.RELEASE.jar:5.0.7.RELEASE]
	at org.springframework.beans.factory.support.AbstractAutowireCapableBeanFactory.createBean(AbstractAutowireCapableBeanFactory.java:503) ~[spring-beans-5.0.7.RELEASE.jar:5.0.7.RELEASE]
	at org.springframework.beans.factory.support.AbstractBeanFactory.lambda$doGetBean$0(AbstractBeanFactory.java:317) ~[spring-beans-5.0.7.RELEASE.jar:5.0.7.RELEASE]
	at org.springframework.beans.factory.support.DefaultSingletonBeanRegistry.getSingleton(DefaultSingletonBeanRegistry.java:222) ~[spring-beans-5.0.7.RELEASE.jar:5.0.7.RELEASE]
	at org.springframework.beans.factory.support.AbstractBeanFactory.doGetBean(AbstractBeanFactory.java:315) ~[spring-beans-5.0.7.RELEASE.jar:5.0.7.RELEASE]
	at org.springframework.beans.factory.support.AbstractBeanFactory.getBean(AbstractBeanFactory.java:199) ~[spring-beans-5.0.7.RELEASE.jar:5.0.7.RELEASE]
	at org.springframework.context.support.AbstractApplicationContext.getBean(AbstractApplicationContext.java:1089) ~[spring-context-5.0.7.RELEASE.jar:5.0.7.RELEASE]
	at org.springframework.context.support.AbstractApplicationContext.finishBeanFactoryInitialization(AbstractApplicationContext.java:859) ~[spring-context-5.0.7.RELEASE.jar:5.0.7.RELEASE]
	at org.springframework.context.support.AbstractApplicationContext.refresh(AbstractApplicationContext.java:550) ~[spring-context-5.0.7.RELEASE.jar:5.0.7.RELEASE]
	at org.springframework.boot.SpringApplication.refresh(SpringApplication.java:759) ~[spring-boot-2.0.3.RELEASE.jar:2.0.3.RELEASE]
	at org.springframework.boot.SpringApplication.refreshContext(SpringApplication.java:395) ~[spring-boot-2.0.3.RELEASE.jar:2.0.3.RELEASE]
	at org.springframework.boot.SpringApplication.run(SpringApplication.java:327) ~[spring-boot-2.0.3.RELEASE.jar:2.0.3.RELEASE]
	at org.springframework.boot.test.context.SpringBootContextLoader.loadContext(SpringBootContextLoader.java:139) ~[spring-boot-test-2.0.3.RELEASE.jar:2.0.3.RELEASE]
	at org.springframework.test.context.cache.DefaultCacheAwareContextLoaderDelegate.loadContextInternal(DefaultCacheAwareContextLoaderDelegate.java:99) ~[spring-test-5.0.7.RELEASE.jar:5.0.7.RELEASE]
	at org.springframework.test.context.cache.DefaultCacheAwareContextLoaderDelegate.loadContext(DefaultCacheAwareContextLoaderDelegate.java:117) ~[spring-test-5.0.7.RELEASE.jar:5.0.7.RELEASE]
	... 27 common frames omitted
Caused by: javax.persistence.PersistenceException: [PersistenceUnit: default] Unable to build Hibernate SessionFactory; nested exception is org.hibernate.exception.JDBCConnectionException: Unable to open JDBC Connection for DDL execution
	at org.springframework.orm.jpa.AbstractEntityManagerFactoryBean.buildNativeEntityManagerFactory(AbstractEntityManagerFactoryBean.java:402) ~[spring-orm-5.0.7.RELEASE.jar:5.0.7.RELEASE]
	at org.springframework.orm.jpa.AbstractEntityManagerFactoryBean.afterPropertiesSet(AbstractEntityManagerFactoryBean.java:377) ~[spring-orm-5.0.7.RELEASE.jar:5.0.7.RELEASE]
	at org.springframework.orm.jpa.LocalContainerEntityManagerFactoryBean.afterPropertiesSet(LocalContainerEntityManagerFactoryBean.java:341) ~[spring-orm-5.0.7.RELEASE.jar:5.0.7.RELEASE]
	at org.springframework.beans.factory.support.AbstractAutowireCapableBeanFactory.invokeInitMethods(AbstractAutowireCapableBeanFactory.java:1767) ~[spring-beans-5.0.7.RELEASE.jar:5.0.7.RELEASE]
	at org.springframework.beans.factory.support.AbstractAutowireCapableBeanFactory.initializeBean(AbstractAutowireCapableBeanFactory.java:1704) ~[spring-beans-5.0.7.RELEASE.jar:5.0.7.RELEASE]
	... 42 common frames omitted
Caused by: org.hibernate.exception.JDBCConnectionException: Unable to open JDBC Connection for DDL execution
	at org.hibernate.exception.internal.SQLExceptionTypeDelegate.convert(SQLExceptionTypeDelegate.java:48) ~[hibernate-core-5.2.17.Final.jar:5.2.17.Final]
	at org.hibernate.exception.internal.StandardSQLExceptionConverter.convert(StandardSQLExceptionConverter.java:42) ~[hibernate-core-5.2.17.Final.jar:5.2.17.Final]
	at org.hibernate.engine.jdbc.spi.SqlExceptionHelper.convert(SqlExceptionHelper.java:111) ~[hibernate-core-5.2.17.Final.jar:5.2.17.Final]
	at org.hibernate.engine.jdbc.spi.SqlExceptionHelper.convert(SqlExceptionHelper.java:97) ~[hibernate-core-5.2.17.Final.jar:5.2.17.Final]
	at org.hibernate.resource.transaction.backend.jdbc.internal.DdlTransactionIsolatorNonJtaImpl.getIsolatedConnection(DdlTransactionIsolatorNonJtaImpl.java:69) ~[hibernate-core-5.2.17.Final.jar:5.2.17.Final]
	at org.hibernate.tool.schema.internal.exec.ImprovedExtractionContextImpl.getJdbcConnection(ImprovedExtractionContextImpl.java:60) ~[hibernate-core-5.2.17.Final.jar:5.2.17.Final]
	at org.hibernate.tool.schema.internal.exec.ImprovedExtractionContextImpl.getJdbcDatabaseMetaData(ImprovedExtractionContextImpl.java:67) ~[hibernate-core-5.2.17.Final.jar:5.2.17.Final]
	at org.hibernate.tool.schema.extract.internal.InformationExtractorJdbcDatabaseMetaDataImpl.getTables(InformationExtractorJdbcDatabaseMetaDataImpl.java:329) ~[hibernate-core-5.2.17.Final.jar:5.2.17.Final]
	at org.hibernate.tool.schema.extract.internal.DatabaseInformationImpl.getTablesInformation(DatabaseInformationImpl.java:120) ~[hibernate-core-5.2.17.Final.jar:5.2.17.Final]
	at org.hibernate.tool.schema.internal.GroupedSchemaMigratorImpl.performTablesMigration(GroupedSchemaMigratorImpl.java:65) ~[hibernate-core-5.2.17.Final.jar:5.2.17.Final]
	at org.hibernate.tool.schema.internal.AbstractSchemaMigrator.performMigration(AbstractSchemaMigrator.java:207) ~[hibernate-core-5.2.17.Final.jar:5.2.17.Final]
	at org.hibernate.tool.schema.internal.AbstractSchemaMigrator.doMigration(AbstractSchemaMigrator.java:114) ~[hibernate-core-5.2.17.Final.jar:5.2.17.Final]
	at org.hibernate.tool.schema.spi.SchemaManagementToolCoordinator.performDatabaseAction(SchemaManagementToolCoordinator.java:183) ~[hibernate-core-5.2.17.Final.jar:5.2.17.Final]
	at org.hibernate.tool.schema.spi.SchemaManagementToolCoordinator.process(SchemaManagementToolCoordinator.java:72) ~[hibernate-core-5.2.17.Final.jar:5.2.17.Final]
	at org.hibernate.internal.SessionFactoryImpl.<init>(SessionFactoryImpl.java:312) ~[hibernate-core-5.2.17.Final.jar:5.2.17.Final]
	at org.hibernate.boot.internal.SessionFactoryBuilderImpl.build(SessionFactoryBuilderImpl.java:462) ~[hibernate-core-5.2.17.Final.jar:5.2.17.Final]
	at org.hibernate.jpa.boot.internal.EntityManagerFactoryBuilderImpl.build(EntityManagerFactoryBuilderImpl.java:892) ~[hibernate-core-5.2.17.Final.jar:5.2.17.Final]
	at org.springframework.orm.jpa.vendor.SpringHibernateJpaPersistenceProvider.createContainerEntityManagerFactory(SpringHibernateJpaPersistenceProvider.java:57) ~[spring-orm-5.0.7.RELEASE.jar:5.0.7.RELEASE]
	at org.springframework.orm.jpa.LocalContainerEntityManagerFactoryBean.createNativeEntityManagerFactory(LocalContainerEntityManagerFactoryBean.java:365) ~[spring-orm-5.0.7.RELEASE.jar:5.0.7.RELEASE]
	at org.springframework.orm.jpa.AbstractEntityManagerFactoryBean.buildNativeEntityManagerFactory(AbstractEntityManagerFactoryBean.java:390) ~[spring-orm-5.0.7.RELEASE.jar:5.0.7.RELEASE]
	... 46 common frames omitted
Caused by: com.mysql.jdbc.exceptions.jdbc4.MySQLNonTransientConnectionException: Could not create connection to database server.
	at sun.reflect.NativeConstructorAccessorImpl.newInstance0(Native Method) ~[na:1.8.0_192]
	at sun.reflect.NativeConstructorAccessorImpl.newInstance(NativeConstructorAccessorImpl.java:62) ~[na:1.8.0_192]
	at sun.reflect.DelegatingConstructorAccessorImpl.newInstance(DelegatingConstructorAccessorImpl.java:45) ~[na:1.8.0_192]
	at java.lang.reflect.Constructor.newInstance(Constructor.java:423) ~[na:1.8.0_192]
	at com.mysql.jdbc.Util.handleNewInstance(Util.java:425) ~[mysql-connector-java-5.1.46.jar:5.1.46]
	at com.mysql.jdbc.Util.getInstance(Util.java:408) ~[mysql-connector-java-5.1.46.jar:5.1.46]
	at com.mysql.jdbc.SQLError.createSQLException(SQLError.java:919) ~[mysql-connector-java-5.1.46.jar:5.1.46]
	at com.mysql.jdbc.SQLError.createSQLException(SQLError.java:898) ~[mysql-connector-java-5.1.46.jar:5.1.46]
	at com.mysql.jdbc.SQLError.createSQLException(SQLError.java:887) ~[mysql-connector-java-5.1.46.jar:5.1.46]
	at com.mysql.jdbc.SQLError.createSQLException(SQLError.java:861) ~[mysql-connector-java-5.1.46.jar:5.1.46]
	at com.mysql.jdbc.ConnectionImpl.connectOneTryOnly(ConnectionImpl.java:2267) ~[mysql-connector-java-5.1.46.jar:5.1.46]
	at com.mysql.jdbc.ConnectionImpl.createNewIO(ConnectionImpl.java:2016) ~[mysql-connector-java-5.1.46.jar:5.1.46]
	at com.mysql.jdbc.ConnectionImpl.<init>(ConnectionImpl.java:776) ~[mysql-connector-java-5.1.46.jar:5.1.46]
	at com.mysql.jdbc.JDBC4Connection.<init>(JDBC4Connection.java:47) ~[mysql-connector-java-5.1.46.jar:5.1.46]
	at sun.reflect.NativeConstructorAccessorImpl.newInstance0(Native Method) ~[na:1.8.0_192]
	at sun.reflect.NativeConstructorAccessorImpl.newInstance(NativeConstructorAccessorImpl.java:62) ~[na:1.8.0_192]
	at sun.reflect.DelegatingConstructorAccessorImpl.newInstance(DelegatingConstructorAccessorImpl.java:45) ~[na:1.8.0_192]
	at java.lang.reflect.Constructor.newInstance(Constructor.java:423) ~[na:1.8.0_192]
	at com.mysql.jdbc.Util.handleNewInstance(Util.java:425) ~[mysql-connector-java-5.1.46.jar:5.1.46]
	at com.mysql.jdbc.ConnectionImpl.getInstance(ConnectionImpl.java:386) ~[mysql-connector-java-5.1.46.jar:5.1.46]
	at com.mysql.jdbc.NonRegisteringDriver.connect(NonRegisteringDriver.java:330) ~[mysql-connector-java-5.1.46.jar:5.1.46]
	at com.zaxxer.hikari.util.DriverDataSource.getConnection(DriverDataSource.java:117) ~[HikariCP-2.7.9.jar:na]
	at com.zaxxer.hikari.util.DriverDataSource.getConnection(DriverDataSource.java:123) ~[HikariCP-2.7.9.jar:na]
	at com.zaxxer.hikari.pool.PoolBase.newConnection(PoolBase.java:365) ~[HikariCP-2.7.9.jar:na]
	at com.zaxxer.hikari.pool.PoolBase.newPoolEntry(PoolBase.java:194) ~[HikariCP-2.7.9.jar:na]
	at com.zaxxer.hikari.pool.HikariPool.createPoolEntry(HikariPool.java:460) ~[HikariCP-2.7.9.jar:na]
	at com.zaxxer.hikari.pool.HikariPool.checkFailFast(HikariPool.java:534) ~[HikariCP-2.7.9.jar:na]
	at com.zaxxer.hikari.pool.HikariPool.<init>(HikariPool.java:115) ~[HikariCP-2.7.9.jar:na]
	at com.zaxxer.hikari.HikariDataSource.getConnection(HikariDataSource.java:112) ~[HikariCP-2.7.9.jar:na]
	at org.hibernate.engine.jdbc.connections.internal.DatasourceConnectionProviderImpl.getConnection(DatasourceConnectionProviderImpl.java:122) ~[hibernate-core-5.2.17.Final.jar:5.2.17.Final]
	at org.hibernate.engine.jdbc.env.internal.JdbcEnvironmentInitiator$ConnectionProviderJdbcConnectionAccess.obtainConnection(JdbcEnvironmentInitiator.java:180) ~[hibernate-core-5.2.17.Final.jar:5.2.17.Final]
	at org.hibernate.resource.transaction.backend.jdbc.internal.DdlTransactionIsolatorNonJtaImpl.getIsolatedConnection(DdlTransactionIsolatorNonJtaImpl.java:43) ~[hibernate-core-5.2.17.Final.jar:5.2.17.Final]
	... 61 common frames omitted
Caused by: java.lang.RuntimeException: Unable to obtain credentials to communicate with the Cloud SQL API
	at com.google.cloud.sql.core.SslSocketFactory$ApplicationDefaultCredentialFactory.create(SslSocketFactory.java:556) ~[jdbc-socket-factory-core-1.0.9.jar:na]
	at com.google.cloud.sql.core.SslSocketFactory.getInstance(SslSocketFactory.java:143) ~[jdbc-socket-factory-core-1.0.9.jar:na]
	at com.google.cloud.sql.mysql.SocketFactory.connect(SocketFactory.java:56) ~[mysql-socket-factory-1.0.9.jar:na]
	at com.mysql.jdbc.MysqlIO.<init>(MysqlIO.java:301) ~[mysql-connector-java-5.1.46.jar:5.1.46]
	at com.mysql.jdbc.ConnectionImpl.coreConnect(ConnectionImpl.java:2188) ~[mysql-connector-java-5.1.46.jar:5.1.46]
	at com.mysql.jdbc.ConnectionImpl.connectOneTryOnly(ConnectionImpl.java:2221) ~[mysql-connector-java-5.1.46.jar:5.1.46]
	... 82 common frames omitted
Caused by: java.io.IOException: The Application Default Credentials are not available. They are available if running on Google App Engine, Google Compute Engine, or Google Cloud Shell. Otherwise, the environment variable GOOGLE_APPLICATION_CREDENTIALS must be defined pointing to a file defining the credentials. See https://developers.google.com/accounts/docs/application-default-credentials for more information.
	at com.google.api.client.googleapis.auth.oauth2.DefaultCredentialProvider.getDefaultCredential(DefaultCredentialProvider.java:98) ~[google-api-client-1.23.0.jar:1.23.0]
	at com.google.api.client.googleapis.auth.oauth2.GoogleCredential.getApplicationDefault(GoogleCredential.java:213) ~[google-api-client-1.23.0.jar:1.23.0]
	at com.google.api.client.googleapis.auth.oauth2.GoogleCredential.getApplicationDefault(GoogleCredential.java:191) ~[google-api-client-1.23.0.jar:1.23.0]
	at com.google.cloud.sql.core.SslSocketFactory$ApplicationDefaultCredentialFactory.create(SslSocketFactory.java:554) ~[jdbc-socket-factory-core-1.0.9.jar:na]
	... 87 common frames omitted

]]></system-out>
  </testcase>
</testsuite>